[4134475:0906/120823.467815:WARNING:bluez_dbus_manager.cc(247)] Floss manager not present, cannot set Floss enable/disable.
[4134475:0906/120823.486937:ERROR:browser_main_loop.cc(270)] Gtk: gtk_widget_add_accelerator: assertion 'GTK_IS_ACCEL_GROUP (accel_group)' failed
[4134475:0906/120823.487866:ERROR:browser_main_loop.cc(270)] Gtk: gtk_widget_add_accelerator: assertion 'GTK_IS_ACCEL_GROUP (accel_group)' failed
[4134475:0906/120823.496715:ERROR:browser_main_loop.cc(270)] Gtk: gtk_widget_add_accelerator: assertion 'GTK_IS_ACCEL_GROUP (accel_group)' failed
[4129:0906/121810.659413:WARNING:bluez_dbus_manager.cc(247)] Floss manager not present, cannot set Floss enable/disable.
[4129:0906/121810.679516:ERROR:browser_main_loop.cc(270)] Gtk: gtk_widget_add_accelerator: assertion 'GTK_IS_ACCEL_GROUP (accel_group)' failed
[4129:0906/121810.680531:ERROR:browser_main_loop.cc(270)] Gtk: gtk_widget_add_accelerator: assertion 'GTK_IS_ACCEL_GROUP (accel_group)' failed
[4129:0906/122329.395681:ERROR:browser_main_loop.cc(270)] Gtk: gtk_widget_add_accelerator: assertion 'GTK_IS_ACCEL_GROUP (accel_group)' failed
[4129:0906/122329.396093:ERROR:browser_main_loop.cc(270)] Gtk: gtk_widget_add_accelerator: assertion 'GTK_IS_ACCEL_GROUP (accel_group)' failed
[4129:0906/122331.624995:ERROR:browser_main_loop.cc(270)] Gtk: gtk_widget_add_accelerator: assertion 'GTK_IS_ACCEL_GROUP (accel_group)' failed
[4129:0906/122331.625255:ERROR:browser_main_loop.cc(270)] Gtk: gtk_widget_add_accelerator: assertion 'GTK_IS_ACCEL_GROUP (accel_group)' failed
[7294:0906/122331.863662:WARNING:crashpad_client_linux.cc(417)] prctl: Invalid argument (22)
[7294:0906/122331.883648:WARNING:crashpad_client_linux.cc(362)] prctl: Invalid argument (22)
[7520:0906/122402.618248:WARNING:crashpad_client_linux.cc(417)] prctl: Invalid argument (22)
[16650:0906/130036.593404:WARNING:bluez_dbus_manager.cc(247)] Floss manager not present, cannot set Floss enable/disable.
[16650:0906/130036.613965:ERROR:browser_main_loop.cc(270)] Gtk: gtk_widget_add_accelerator: assertion 'GTK_IS_ACCEL_GROUP (accel_group)' failed
[16650:0906/130036.614270:ERROR:browser_main_loop.cc(270)] Gtk: gtk_widget_add_accelerator: assertion 'GTK_IS_ACCEL_GROUP (accel_group)' failed
[16650:0906/130036.615153:ERROR:browser_main_loop.cc(270)] Gtk: gtk_widget_add_accelerator: assertion 'GTK_IS_ACCEL_GROUP (accel_group)' failed
[16650:0906/130036.615349:ERROR:browser_main_loop.cc(270)] Gtk: gtk_widget_add_accelerator: assertion 'GTK_IS_ACCEL_GROUP (accel_group)' failed
[16650:0906/130038.466705:ERROR:browser_main_loop.cc(270)] Gtk: gtk_widget_add_accelerator: assertion 'GTK_IS_ACCEL_GROUP (accel_group)' failed
[16650:0906/130038.493926:ERROR:browser_main_loop.cc(270)] Gtk: gtk_widget_add_accelerator: assertion 'GTK_IS_ACCEL_GROUP (accel_group)' failed
[16650:0906/130038.494207:ERROR:browser_main_loop.cc(270)] Gtk: gtk_widget_add_accelerator: assertion 'GTK_IS_ACCEL_GROUP (accel_group)' failed
[16650:0906/130039.401567:ERROR:browser_main_loop.cc(270)] Gtk: gtk_widget_add_accelerator: assertion 'GTK_IS_ACCEL_GROUP (accel_group)' failed
[16650:0906/130039.401828:ERROR:browser_main_loop.cc(270)] Gtk: gtk_widget_add_accelerator: assertion 'GTK_IS_ACCEL_GROUP (accel_group)' failed
[42136:0906/043444.605041:WARNING:bluez_dbus_manager.cc(247)] Floss manager not present, cannot set Floss enable/disable.
[42136:0906/043444.627916:ERROR:browser_main_loop.cc(270)] Gtk: gtk_widget_add_accelerator: assertion 'GTK_IS_ACCEL_GROUP (accel_group)' failed
[42136:0906/043444.628218:ERROR:browser_main_loop.cc(270)] Gtk: gtk_widget_add_accelerator: assertion 'GTK_IS_ACCEL_GROUP (accel_group)' failed
[42136:0906/043444.629131:ERROR:browser_main_loop.cc(270)] Gtk: gtk_widget_add_accelerator: assertion 'GTK_IS_ACCEL_GROUP (accel_group)' failed
[42136:0906/043444.629326:ERROR:browser_main_loop.cc(270)] Gtk: gtk_widget_add_accelerator: assertion 'GTK_IS_ACCEL_GROUP (accel_group)' failed
[42136:0906/043446.502162:ERROR:browser_main_loop.cc(270)] Gtk: gtk_widget_add_accelerator: assertion 'GTK_IS_ACCEL_GROUP (accel_group)' failed
[42136:0906/043446.529749:ERROR:browser_main_loop.cc(270)] Gtk: gtk_widget_add_accelerator: assertion 'GTK_IS_ACCEL_GROUP (accel_group)' failed
[42136:0906/043446.530030:ERROR:browser_main_loop.cc(270)] Gtk: gtk_widget_add_accelerator: assertion 'GTK_IS_ACCEL_GROUP (accel_group)' failed
[42136:0906/043447.408451:ERROR:browser_main_loop.cc(270)] Gtk: gtk_widget_add_accelerator: assertion 'GTK_IS_ACCEL_GROUP (accel_group)' failed
[42136:0906/043447.408665:ERROR:browser_main_loop.cc(270)] Gtk: gtk_widget_add_accelerator: assertion 'GTK_IS_ACCEL_GROUP (accel_group)' failed
[42136:0906/045516.826250:ERROR:browser_main_loop.cc(270)] Gtk: gtk_widget_add_accelerator: assertion 'GTK_IS_ACCEL_GROUP (accel_group)' failed
[42136:0906/045516.826689:ERROR:browser_main_loop.cc(270)] Gtk: gtk_widget_add_accelerator: assertion 'GTK_IS_ACCEL_GROUP (accel_group)' failed
[42136:0906/045517.088529:ERROR:browser_main_loop.cc(270)] Gtk: gtk_widget_add_accelerator: assertion 'GTK_IS_ACCEL_GROUP (accel_group)' failed
[42136:0906/045517.088916:ERROR:browser_main_loop.cc(270)] Gtk: gtk_widget_add_accelerator: assertion 'GTK_IS_ACCEL_GROUP (accel_group)' failed
[42136:0907/022943.736475:ERROR:browser_main_loop.cc(270)] Gtk: gtk_widget_add_accelerator: assertion 'GTK_IS_ACCEL_GROUP (accel_group)' failed
[42136:0907/022943.736831:ERROR:browser_main_loop.cc(270)] Gtk: gtk_widget_add_accelerator: assertion 'GTK_IS_ACCEL_GROUP (accel_group)' failed
[42136:0907/022954.922422:ERROR:browser_main_loop.cc(270)] Gtk: gtk_widget_add_accelerator: assertion 'GTK_IS_ACCEL_GROUP (accel_group)' failed
[42136:0907/022954.922742:ERROR:browser_main_loop.cc(270)] Gtk: gtk_widget_add_accelerator: assertion 'GTK_IS_ACCEL_GROUP (accel_group)' failed
[42136:0907/025659.364108:ERROR:browser_main_loop.cc(270)] Gtk: gtk_widget_add_accelerator: assertion 'GTK_IS_ACCEL_GROUP (accel_group)' failed
[42136:0907/025659.364399:ERROR:browser_main_loop.cc(270)] Gtk: gtk_widget_add_accelerator: assertion 'GTK_IS_ACCEL_GROUP (accel_group)' failed
[42136:0907/025708.712192:ERROR:browser_main_loop.cc(270)] Gtk: gtk_widget_add_accelerator: assertion 'GTK_IS_ACCEL_GROUP (accel_group)' failed
[42136:0907/025708.712454:ERROR:browser_main_loop.cc(270)] Gtk: gtk_widget_add_accelerator: assertion 'GTK_IS_ACCEL_GROUP (accel_group)' failed
[42136:0908/004245.074055:ERROR:browser_main_loop.cc(270)] Gtk: gtk_widget_add_accelerator: assertion 'GTK_IS_ACCEL_GROUP (accel_group)' failed
[42136:0908/004245.074290:ERROR:browser_main_loop.cc(270)] Gtk: gtk_widget_add_accelerator: assertion 'GTK_IS_ACCEL_GROUP (accel_group)' failed
[42136:0908/004248.551827:ERROR:browser_main_loop.cc(270)] Gtk: gtk_widget_add_accelerator: assertion 'GTK_IS_ACCEL_GROUP (accel_group)' failed
[42136:0908/004248.552093:ERROR:browser_main_loop.cc(270)] Gtk: gtk_widget_add_accelerator: assertion 'GTK_IS_ACCEL_GROUP (accel_group)' failed
[42136:0908/195511.107247:ERROR:browser_main_loop.cc(270)] Gtk: gtk_widget_add_accelerator: assertion 'GTK_IS_ACCEL_GROUP (accel_group)' failed
[42136:0908/195511.260102:ERROR:browser_main_loop.cc(270)] Gtk: gtk_widget_add_accelerator: assertion 'GTK_IS_ACCEL_GROUP (accel_group)' failed
[42136:0908/195511.260385:ERROR:browser_main_loop.cc(270)] Gtk: gtk_widget_add_accelerator: assertion 'GTK_IS_ACCEL_GROUP (accel_group)' failed
[42136:0908/195513.672136:ERROR:browser_main_loop.cc(270)] Gtk: gtk_widget_add_accelerator: assertion 'GTK_IS_ACCEL_GROUP (accel_group)' failed
[42136:0908/195513.672508:ERROR:browser_main_loop.cc(270)] Gtk: gtk_widget_add_accelerator: assertion 'GTK_IS_ACCEL_GROUP (accel_group)' failed
[42136:0908/195515.600576:ERROR:browser_main_loop.cc(270)] Gtk: gtk_widget_add_accelerator: assertion 'GTK_IS_ACCEL_GROUP (accel_group)' failed
[42136:0908/195515.600838:ERROR:browser_main_loop.cc(270)] Gtk: gtk_widget_add_accelerator: assertion 'GTK_IS_ACCEL_GROUP (accel_group)' failed
[42136:0908/232604.058106:ERROR:browser_main_loop.cc(270)] Gtk: gtk_widget_add_accelerator: assertion 'GTK_IS_ACCEL_GROUP (accel_group)' failed
[42136:0908/232604.058539:ERROR:browser_main_loop.cc(270)] Gtk: gtk_widget_add_accelerator: assertion 'GTK_IS_ACCEL_GROUP (accel_group)' failed
[42136:0908/232608.438554:ERROR:browser_main_loop.cc(270)] Gtk: gtk_widget_add_accelerator: assertion 'GTK_IS_ACCEL_GROUP (accel_group)' failed
[42136:0908/232608.450374:ERROR:browser_main_loop.cc(270)] Gtk: gtk_widget_add_accelerator: assertion 'GTK_IS_ACCEL_GROUP (accel_group)' failed
[42136:0908/232608.599570:ERROR:browser_main_loop.cc(270)] Gtk: gtk_widget_add_accelerator: assertion 'GTK_IS_ACCEL_GROUP (accel_group)' failed
[42136:0908/232608.599986:ERROR:browser_main_loop.cc(270)] Gtk: gtk_widget_add_accelerator: assertion 'GTK_IS_ACCEL_GROUP (accel_group)' failed
[42136:0908/232610.993279:ERROR:browser_main_loop.cc(270)] Gtk: gtk_widget_add_accelerator: assertion 'GTK_IS_ACCEL_GROUP (accel_group)' failed
[42136:0908/232610.993654:ERROR:browser_main_loop.cc(270)] Gtk: gtk_widget_add_accelerator: assertion 'GTK_IS_ACCEL_GROUP (accel_group)' failed
[42136:0908/232612.756647:ERROR:browser_main_loop.cc(270)] Gtk: gtk_widget_add_accelerator: assertion 'GTK_IS_ACCEL_GROUP (accel_group)' failed
[42136:0908/232612.757013:ERROR:browser_main_loop.cc(270)] Gtk: gtk_widget_add_accelerator: assertion 'GTK_IS_ACCEL_GROUP (accel_group)' failed
[42136:0912/001352.798318:ERROR:browser_main_loop.cc(270)] Gtk: gtk_widget_add_accelerator: assertion 'GTK_IS_ACCEL_GROUP (accel_group)' failed
[42136:0912/001352.798587:ERROR:browser_main_loop.cc(270)] Gtk: gtk_widget_add_accelerator: assertion 'GTK_IS_ACCEL_GROUP (accel_group)' failed
[42136:0912/001356.323891:ERROR:browser_main_loop.cc(270)] Gtk: gtk_widget_add_accelerator: assertion 'GTK_IS_ACCEL_GROUP (accel_group)' failed
[42136:0912/001356.324431:ERROR:browser_main_loop.cc(270)] Gtk: gtk_widget_add_accelerator: assertion 'GTK_IS_ACCEL_GROUP (accel_group)' failed
[42136:0912/044411.548604:ERROR:browser_main_loop.cc(270)] Gtk: gtk_widget_add_accelerator: assertion 'GTK_IS_ACCEL_GROUP (accel_group)' failed
[42136:0912/044411.548850:ERROR:browser_main_loop.cc(270)] Gtk: gtk_widget_add_accelerator: assertion 'GTK_IS_ACCEL_GROUP (accel_group)' failed
[42136:0912/044424.385110:ERROR:browser_main_loop.cc(270)] Gtk: gtk_widget_add_accelerator: assertion 'GTK_IS_ACCEL_GROUP (accel_group)' failed
[42136:0912/044424.385473:ERROR:browser_main_loop.cc(270)] Gtk: gtk_widget_add_accelerator: assertion 'GTK_IS_ACCEL_GROUP (accel_group)' failed
[42136:0912/201821.610981:ERROR:browser_main_loop.cc(270)] Gtk: gtk_widget_add_accelerator: assertion 'GTK_IS_ACCEL_GROUP (accel_group)' failed
[42136:0912/201821.775135:ERROR:browser_main_loop.cc(270)] Gtk: gtk_widget_add_accelerator: assertion 'GTK_IS_ACCEL_GROUP (accel_group)' failed
[42136:0912/201821.775589:ERROR:browser_main_loop.cc(270)] Gtk: gtk_widget_add_accelerator: assertion 'GTK_IS_ACCEL_GROUP (accel_group)' failed
[42136:0912/201824.184111:ERROR:browser_main_loop.cc(270)] Gtk: gtk_widget_add_accelerator: assertion 'GTK_IS_ACCEL_GROUP (accel_group)' failed
[42136:0912/201824.184371:ERROR:browser_main_loop.cc(270)] Gtk: gtk_widget_add_accelerator: assertion 'GTK_IS_ACCEL_GROUP (accel_group)' failed
[42136:0912/201826.009719:ERROR:browser_main_loop.cc(270)] Gtk: gtk_widget_add_accelerator: assertion 'GTK_IS_ACCEL_GROUP (accel_group)' failed
[42136:0912/201826.009978:ERROR:browser_main_loop.cc(270)] Gtk: gtk_widget_add_accelerator: assertion 'GTK_IS_ACCEL_GROUP (accel_group)' failed
[42136:0914/054202.680306:ERROR:browser_main_loop.cc(270)] Gtk: gtk_widget_add_accelerator: assertion 'GTK_IS_ACCEL_GROUP (accel_group)' failed
[42136:0914/054202.833031:ERROR:browser_main_loop.cc(270)] Gtk: gtk_widget_add_accelerator: assertion 'GTK_IS_ACCEL_GROUP (accel_group)' failed
[42136:0914/054202.833302:ERROR:browser_main_loop.cc(270)] Gtk: gtk_widget_add_accelerator: assertion 'GTK_IS_ACCEL_GROUP (accel_group)' failed
[42136:0914/054205.434703:ERROR:browser_main_loop.cc(270)] Gtk: gtk_widget_add_accelerator: assertion 'GTK_IS_ACCEL_GROUP (accel_group)' failed
[42136:0914/054205.434969:ERROR:browser_main_loop.cc(270)] Gtk: gtk_widget_add_accelerator: assertion 'GTK_IS_ACCEL_GROUP (accel_group)' failed
[42136:0914/054207.207419:ERROR:browser_main_loop.cc(270)] Gtk: gtk_widget_add_accelerator: assertion 'GTK_IS_ACCEL_GROUP (accel_group)' failed
[42136:0914/054207.207828:ERROR:browser_main_loop.cc(270)] Gtk: gtk_widget_add_accelerator: assertion 'GTK_IS_ACCEL_GROUP (accel_group)' failed
[259681:0915/080038.715144:WARNING:bluez_dbus_manager.cc(247)] Floss manager not present, cannot set Floss enable/disable.
[259681:0915/080038.737835:ERROR:browser_main_loop.cc(270)] Gtk: gtk_widget_add_accelerator: assertion 'GTK_IS_ACCEL_GROUP (accel_group)' failed
[259681:0915/080038.738223:ERROR:browser_main_loop.cc(270)] Gtk: gtk_widget_add_accelerator: assertion 'GTK_IS_ACCEL_GROUP (accel_group)' failed
[259681:0915/080038.739175:ERROR:browser_main_loop.cc(270)] Gtk: gtk_widget_add_accelerator: assertion 'GTK_IS_ACCEL_GROUP (accel_group)' failed
[259681:0915/080038.739366:ERROR:browser_main_loop.cc(270)] Gtk: gtk_widget_add_accelerator: assertion 'GTK_IS_ACCEL_GROUP (accel_group)' failed
[259681:0915/080040.638307:ERROR:browser_main_loop.cc(270)] Gtk: gtk_widget_add_accelerator: assertion 'GTK_IS_ACCEL_GROUP (accel_group)' failed
[259681:0915/080040.697390:ERROR:browser_main_loop.cc(270)] Gtk: gtk_widget_add_accelerator: assertion 'GTK_IS_ACCEL_GROUP (accel_group)' failed
[259681:0915/080040.697602:ERROR:browser_main_loop.cc(270)] Gtk: gtk_widget_add_accelerator: assertion 'GTK_IS_ACCEL_GROUP (accel_group)' failed
[259681:0915/080041.676807:ERROR:browser_main_loop.cc(270)] Gtk: gtk_widget_add_accelerator: assertion 'GTK_IS_ACCEL_GROUP (accel_group)' failed
[259681:0915/080041.677106:ERROR:browser_main_loop.cc(270)] Gtk: gtk_widget_add_accelerator: assertion 'GTK_IS_ACCEL_GROUP (accel_group)' failed
[259681:0915/080041.981914:ERROR:browser_main_loop.cc(270)] Gtk: gtk_widget_add_accelerator: assertion 'GTK_IS_ACCEL_GROUP (accel_group)' failed
[259681:0915/080041.982119:ERROR:browser_main_loop.cc(270)] Gtk: gtk_widget_add_accelerator: assertion 'GTK_IS_ACCEL_GROUP (accel_group)' failed
[259681:0915/092702.622923:ERROR:object_proxy.cc(623)] Failed to call method: org.freedesktop.portal.OpenURI.OpenDirectory: object_path= /org/freedesktop/portal/desktop: org.freedesktop.DBus.Error.ServiceUnknown: The name org.freedesktop.portal.Desktop was not provided by any .service files
[259681:0915/092702.622949:ERROR:platform_util_linux.cc(238)] Error calling OpenDirectory
[259681:0917/134839.236783:ERROR:browser_main_loop.cc(270)] Gtk: gtk_widget_add_accelerator: assertion 'GTK_IS_ACCEL_GROUP (accel_group)' failed
[259681:0917/134839.402785:ERROR:browser_main_loop.cc(270)] Gtk: gtk_widget_add_accelerator: assertion 'GTK_IS_ACCEL_GROUP (accel_group)' failed
[259681:0917/134839.403041:ERROR:browser_main_loop.cc(270)] Gtk: gtk_widget_add_accelerator: assertion 'GTK_IS_ACCEL_GROUP (accel_group)' failed
[259681:0917/134841.783750:ERROR:browser_main_loop.cc(270)] Gtk: gtk_widget_add_accelerator: assertion 'GTK_IS_ACCEL_GROUP (accel_group)' failed
[259681:0917/134841.784005:ERROR:browser_main_loop.cc(270)] Gtk: gtk_widget_add_accelerator: assertion 'GTK_IS_ACCEL_GROUP (accel_group)' failed
[259681:0917/134843.554267:ERROR:browser_main_loop.cc(270)] Gtk: gtk_widget_add_accelerator: assertion 'GTK_IS_ACCEL_GROUP (accel_group)' failed
[259681:0917/134843.554519:ERROR:browser_main_loop.cc(270)] Gtk: gtk_widget_add_accelerator: assertion 'GTK_IS_ACCEL_GROUP (accel_group)' failed
[259681:0920/154818.889646:ERROR:browser_main_loop.cc(270)] Gtk: gtk_widget_add_accelerator: assertion 'GTK_IS_ACCEL_GROUP (accel_group)' failed
[259681:0920/154819.049057:ERROR:browser_main_loop.cc(270)] Gtk: gtk_widget_add_accelerator: assertion 'GTK_IS_ACCEL_GROUP (accel_group)' failed
[259681:0920/154819.049310:ERROR:browser_main_loop.cc(270)] Gtk: gtk_widget_add_accelerator: assertion 'GTK_IS_ACCEL_GROUP (accel_group)' failed
[259681:0920/154821.534767:ERROR:browser_main_loop.cc(270)] Gtk: gtk_widget_add_accelerator: assertion 'GTK_IS_ACCEL_GROUP (accel_group)' failed
[259681:0920/154821.535024:ERROR:browser_main_loop.cc(270)] Gtk: gtk_widget_add_accelerator: assertion 'GTK_IS_ACCEL_GROUP (accel_group)' failed
[259681:0920/154823.384551:ERROR:browser_main_loop.cc(270)] Gtk: gtk_widget_add_accelerator: assertion 'GTK_IS_ACCEL_GROUP (accel_group)' failed
[259681:0920/154823.384802:ERROR:browser_main_loop.cc(270)] Gtk: gtk_widget_add_accelerator: assertion 'GTK_IS_ACCEL_GROUP (accel_group)' failed
[2820658:0926/083509.118804:WARNING:bluez_dbus_manager.cc(247)] Floss manager not present, cannot set Floss enable/disable.
[2820658:0926/083509.140444:ERROR:browser_main_loop.cc(270)] Gtk: gtk_widget_add_accelerator: assertion 'GTK_IS_ACCEL_GROUP (accel_group)' failed
[2820658:0926/083509.140782:ERROR:browser_main_loop.cc(270)] Gtk: gtk_widget_add_accelerator: assertion 'GTK_IS_ACCEL_GROUP (accel_group)' failed
[2820658:0926/083509.141749:ERROR:browser_main_loop.cc(270)] Gtk: gtk_widget_add_accelerator: assertion 'GTK_IS_ACCEL_GROUP (accel_group)' failed
[2820658:0926/083509.141944:ERROR:browser_main_loop.cc(270)] Gtk: gtk_widget_add_accelerator: assertion 'GTK_IS_ACCEL_GROUP (accel_group)' failed
[2820658:0926/083511.963028:ERROR:browser_main_loop.cc(270)] Gtk: gtk_widget_add_accelerator: assertion 'GTK_IS_ACCEL_GROUP (accel_group)' failed
[2820658:0926/083512.118531:ERROR:browser_main_loop.cc(270)] Gtk: gtk_widget_add_accelerator: assertion 'GTK_IS_ACCEL_GROUP (accel_group)' failed
[2820658:0926/083512.118784:ERROR:browser_main_loop.cc(270)] Gtk: gtk_widget_add_accelerator: assertion 'GTK_IS_ACCEL_GROUP (accel_group)' failed
[2820658:0926/083513.182866:ERROR:browser_main_loop.cc(270)] Gtk: gtk_widget_add_accelerator: assertion 'GTK_IS_ACCEL_GROUP (accel_group)' failed
[2820658:0926/083513.183116:ERROR:browser_main_loop.cc(270)] Gtk: gtk_widget_add_accelerator: assertion 'GTK_IS_ACCEL_GROUP (accel_group)' failed
[2820658:0926/083513.585810:ERROR:browser_main_loop.cc(270)] Gtk: gtk_widget_add_accelerator: assertion 'GTK_IS_ACCEL_GROUP (accel_group)' failed
[2820658:0926/083513.586063:ERROR:browser_main_loop.cc(270)] Gtk: gtk_widget_add_accelerator: assertion 'GTK_IS_ACCEL_GROUP (accel_group)' failed
[2820658:0927/122749.487969:ERROR:browser_main_loop.cc(270)] Gtk: gtk_widget_add_accelerator: assertion 'GTK_IS_ACCEL_GROUP (accel_group)' failed
[2820658:0927/122749.648109:ERROR:browser_main_loop.cc(270)] Gtk: gtk_widget_add_accelerator: assertion 'GTK_IS_ACCEL_GROUP (accel_group)' failed
[2820658:0927/122749.648361:ERROR:browser_main_loop.cc(270)] Gtk: gtk_widget_add_accelerator: assertion 'GTK_IS_ACCEL_GROUP (accel_group)' failed
[2820658:0927/122752.060568:ERROR:browser_main_loop.cc(270)] Gtk: gtk_widget_add_accelerator: assertion 'GTK_IS_ACCEL_GROUP (accel_group)' failed
[2820658:0927/122752.060840:ERROR:browser_main_loop.cc(270)] Gtk: gtk_widget_add_accelerator: assertion 'GTK_IS_ACCEL_GROUP (accel_group)' failed
[2820658:0927/122753.887621:ERROR:browser_main_loop.cc(270)] Gtk: gtk_widget_add_accelerator: assertion 'GTK_IS_ACCEL_GROUP (accel_group)' failed
[2820658:0927/122753.887833:ERROR:browser_main_loop.cc(270)] Gtk: gtk_widget_add_accelerator: assertion 'GTK_IS_ACCEL_GROUP (accel_group)' failed
[2820658:0927/181558.720930:ERROR:browser_main_loop.cc(270)] Gtk: gtk_widget_add_accelerator: assertion 'GTK_IS_ACCEL_GROUP (accel_group)' failed
[2820658:0927/181558.879183:ERROR:browser_main_loop.cc(270)] Gtk: gtk_widget_add_accelerator: assertion 'GTK_IS_ACCEL_GROUP (accel_group)' failed
[2820658:0927/181558.879433:ERROR:browser_main_loop.cc(270)] Gtk: gtk_widget_add_accelerator: assertion 'GTK_IS_ACCEL_GROUP (accel_group)' failed
[2820658:0927/181601.501148:ERROR:browser_main_loop.cc(270)] Gtk: gtk_widget_add_accelerator: assertion 'GTK_IS_ACCEL_GROUP (accel_group)' failed
[2820658:0927/181601.501395:ERROR:browser_main_loop.cc(270)] Gtk: gtk_widget_add_accelerator: assertion 'GTK_IS_ACCEL_GROUP (accel_group)' failed
[2820658:0927/181603.321367:ERROR:browser_main_loop.cc(270)] Gtk: gtk_widget_add_accelerator: assertion 'GTK_IS_ACCEL_GROUP (accel_group)' failed
[2820658:0927/181603.321619:ERROR:browser_main_loop.cc(270)] Gtk: gtk_widget_add_accelerator: assertion 'GTK_IS_ACCEL_GROUP (accel_group)' failed
[2820658:1003/095419.249244:ERROR:browser_main_loop.cc(270)] Gtk: gtk_widget_add_accelerator: assertion 'GTK_IS_ACCEL_GROUP (accel_group)' failed
[2820658:1003/095419.249511:ERROR:browser_main_loop.cc(270)] Gtk: gtk_widget_add_accelerator: assertion 'GTK_IS_ACCEL_GROUP (accel_group)' failed
[2820658:1003/095423.209163:ERROR:browser_main_loop.cc(270)] Gtk: gtk_widget_add_accelerator: assertion 'GTK_IS_ACCEL_GROUP (accel_group)' failed
[2820658:1003/095423.209561:ERROR:browser_main_loop.cc(270)] Gtk: gtk_widget_add_accelerator: assertion 'GTK_IS_ACCEL_GROUP (accel_group)' failed
[2820658:1004/004325.447919:ERROR:browser_main_loop.cc(270)] Gtk: gtk_widget_add_accelerator: assertion 'GTK_IS_ACCEL_GROUP (accel_group)' failed
[2820658:1004/004325.594728:ERROR:browser_main_loop.cc(270)] Gtk: gtk_widget_add_accelerator: assertion 'GTK_IS_ACCEL_GROUP (accel_group)' failed
[2820658:1004/004325.594984:ERROR:browser_main_loop.cc(270)] Gtk: gtk_widget_add_accelerator: assertion 'GTK_IS_ACCEL_GROUP (accel_group)' failed
[2820658:1004/004328.224560:ERROR:browser_main_loop.cc(270)] Gtk: gtk_widget_add_accelerator: assertion 'GTK_IS_ACCEL_GROUP (accel_group)' failed
[2820658:1004/004328.224899:ERROR:browser_main_loop.cc(270)] Gtk: gtk_widget_add_accelerator: assertion 'GTK_IS_ACCEL_GROUP (accel_group)' failed
[2820658:1004/004330.208615:ERROR:browser_main_loop.cc(270)] Gtk: gtk_widget_add_accelerator: assertion 'GTK_IS_ACCEL_GROUP (accel_group)' failed
[2820658:1004/004330.208898:ERROR:browser_main_loop.cc(270)] Gtk: gtk_widget_add_accelerator: assertion 'GTK_IS_ACCEL_GROUP (accel_group)' failed
[2831996:1006/093416.245640:WARNING:sync_reader.cc(273)] ASR: No room in socket buffer.: Broken pipe (32)
[2820658:1007/105650.746662:ERROR:browser_main_loop.cc(270)] Gtk: gtk_widget_add_accelerator: assertion 'GTK_IS_ACCEL_GROUP (accel_group)' failed
[2820658:1007/105650.747057:ERROR:browser_main_loop.cc(270)] Gtk: gtk_widget_add_accelerator: assertion 'GTK_IS_ACCEL_GROUP (accel_group)' failed
[2820658:1007/105711.535566:ERROR:browser_main_loop.cc(270)] Gtk: gtk_widget_add_accelerator: assertion 'GTK_IS_ACCEL_GROUP (accel_group)' failed
[2820658:1007/105711.535818:ERROR:browser_main_loop.cc(270)] Gtk: gtk_widget_add_accelerator: assertion 'GTK_IS_ACCEL_GROUP (accel_group)' failed
[2820658:1013/094327.479721:ERROR:browser_main_loop.cc(270)] Gtk: gtk_widget_add_accelerator: assertion 'GTK_IS_ACCEL_GROUP (accel_group)' failed
[2820658:1013/094327.479997:ERROR:browser_main_loop.cc(270)] Gtk: gtk_widget_add_accelerator: assertion 'GTK_IS_ACCEL_GROUP (accel_group)' failed
[2820658:1013/094331.273448:ERROR:browser_main_loop.cc(270)] Gtk: gtk_widget_add_accelerator: assertion 'GTK_IS_ACCEL_GROUP (accel_group)' failed
[2820658:1013/094331.273707:ERROR:browser_main_loop.cc(270)] Gtk: gtk_widget_add_accelerator: assertion 'GTK_IS_ACCEL_GROUP (accel_group)' failed
[2820696:1013/123649.143234:WARNING:spdy_session.cc(3502)] Received HEADERS for invalid stream 5
[2820658:1013/123651.426003:ERROR:browser_main_loop.cc(270)] Gtk: gtk_widget_add_accelerator: assertion 'GTK_IS_ACCEL_GROUP (accel_group)' failed
[2820658:1013/123651.601222:ERROR:browser_main_loop.cc(270)] Gtk: gtk_widget_add_accelerator: assertion 'GTK_IS_ACCEL_GROUP (accel_group)' failed
[2820658:1013/123651.601473:ERROR:browser_main_loop.cc(270)] Gtk: gtk_widget_add_accelerator: assertion 'GTK_IS_ACCEL_GROUP (accel_group)' failed
[2820658:1013/123654.794392:ERROR:browser_main_loop.cc(270)] Gtk: gtk_widget_add_accelerator: assertion 'GTK_IS_ACCEL_GROUP (accel_group)' failed
[2820658:1013/123654.794658:ERROR:browser_main_loop.cc(270)] Gtk: gtk_widget_add_accelerator: assertion 'GTK_IS_ACCEL_GROUP (accel_group)' failed
[2820658:1013/123656.593195:ERROR:browser_main_loop.cc(270)] Gtk: gtk_widget_add_accelerator: assertion 'GTK_IS_ACCEL_GROUP (accel_group)' failed
[2820658:1013/123656.593464:ERROR:browser_main_loop.cc(270)] Gtk: gtk_widget_add_accelerator: assertion 'GTK_IS_ACCEL_GROUP (accel_group)' failed
[2820658:1018/145504.950750:ERROR:browser_main_loop.cc(270)] Gtk: gtk_widget_add_accelerator: assertion 'GTK_IS_ACCEL_GROUP (accel_group)' failed
[2820658:1018/145505.121478:ERROR:browser_main_loop.cc(270)] Gtk: gtk_widget_add_accelerator: assertion 'GTK_IS_ACCEL_GROUP (accel_group)' failed
[2820658:1018/145505.121749:ERROR:browser_main_loop.cc(270)] Gtk: gtk_widget_add_accelerator: assertion 'GTK_IS_ACCEL_GROUP (accel_group)' failed
[2820658:1018/145508.020751:ERROR:browser_main_loop.cc(270)] Gtk: gtk_widget_add_accelerator: assertion 'GTK_IS_ACCEL_GROUP (accel_group)' failed
[2820658:1018/145508.021019:ERROR:browser_main_loop.cc(270)] Gtk: gtk_widget_add_accelerator: assertion 'GTK_IS_ACCEL_GROUP (accel_group)' failed
[2820658:1018/145509.807378:ERROR:browser_main_loop.cc(270)] Gtk: gtk_widget_add_accelerator: assertion 'GTK_IS_ACCEL_GROUP (accel_group)' failed
[2820658:1018/145509.807639:ERROR:browser_main_loop.cc(270)] Gtk: gtk_widget_add_accelerator: assertion 'GTK_IS_ACCEL_GROUP (accel_group)' failed
