[10/06/22, 09:34:07:745] info: 
╔═══════════════════════════════════════════════════════╗
║      Slack 4.28.171, linux 5.19.8-arch1-1 on x64      ║
╚═══════════════════════════════════════════════════════╝ 
[10/06/22, 09:34:07:745] info: Configured logger via 
{
  "enableConsoleTransport": true,
  "identifierOverride": "unknown-web-contents-console",
  "shouldUseNewBackend": false,
  "loggerInstanceCount": 4
}
[10/06/22, 09:34:07:745] info: Predefined values for process 
{
  "NODE_ENV": "production",
  "platform": "linux",
  "type": "browser",
  "timeZone": "Australia/Melbourne",
  "PACKAGE_MANIFEST.productName": "Slack",
  "PACKAGE_MANIFEST.version": "4.28.171",
  "PACKAGE_MANIFEST.commit": "9e5b7bb",
  "PACKAGE_MANIFEST.branch": "HEAD"
}
[10/06/22, 09:34:07:761] info: 
╔═══════════════════════════════════════════════════════╗
║      Slack 4.28.171, linux 5.19.8-arch1-1 on x64      ║
╚═══════════════════════════════════════════════════════╝ 
[10/06/22, 09:34:07:761] info: Configured logger via 
{
  "enableConsoleTransport": true,
  "identifierOverride": "unknown-web-contents-console",
  "shouldUseNewBackend": false,
  "loggerInstanceCount": 5
}
[10/06/22, 09:34:07:761] info: Predefined values for process 
{
  "NODE_ENV": "production",
  "platform": "linux",
  "type": "browser",
  "timeZone": "Australia/Melbourne",
  "PACKAGE_MANIFEST.productName": "Slack",
  "PACKAGE_MANIFEST.version": "4.28.171",
  "PACKAGE_MANIFEST.commit": "9e5b7bb",
  "PACKAGE_MANIFEST.branch": "HEAD"
}
[10/06/22, 09:34:07:778] info: 
╔═══════════════════════════════════════════════════════╗
║      Slack 4.28.171, linux 5.19.8-arch1-1 on x64      ║
╚═══════════════════════════════════════════════════════╝ 
[10/06/22, 09:34:07:778] info: Configured logger via 
{
  "enableConsoleTransport": true,
  "identifierOverride": "unknown-web-contents-console",
  "shouldUseNewBackend": false,
  "loggerInstanceCount": 6
}
[10/06/22, 09:34:07:779] info: Predefined values for process 
{
  "NODE_ENV": "production",
  "platform": "linux",
  "type": "browser",
  "timeZone": "Australia/Melbourne",
  "PACKAGE_MANIFEST.productName": "Slack",
  "PACKAGE_MANIFEST.version": "4.28.171",
  "PACKAGE_MANIFEST.commit": "9e5b7bb",
  "PACKAGE_MANIFEST.branch": "HEAD"
}
[10/06/22, 09:34:36:123] info: 
╔═══════════════════════════════════════════════════════╗
║      Slack 4.28.171, linux 5.19.8-arch1-1 on x64      ║
╚═══════════════════════════════════════════════════════╝ 
[10/06/22, 09:34:36:123] info: Configured logger via 
{
  "enableConsoleTransport": true,
  "identifierOverride": "unknown-web-contents-console",
  "shouldUseNewBackend": false,
  "loggerInstanceCount": 7
}
[10/06/22, 09:34:36:124] info: Predefined values for process 
{
  "NODE_ENV": "production",
  "platform": "linux",
  "type": "browser",
  "timeZone": "Australia/Melbourne",
  "PACKAGE_MANIFEST.productName": "Slack",
  "PACKAGE_MANIFEST.version": "4.28.171",
  "PACKAGE_MANIFEST.commit": "9e5b7bb",
  "PACKAGE_MANIFEST.branch": "HEAD"
}
[10/06/22, 09:34:36:140] info: 
╔═══════════════════════════════════════════════════════╗
║      Slack 4.28.171, linux 5.19.8-arch1-1 on x64      ║
╚═══════════════════════════════════════════════════════╝ 
[10/06/22, 09:34:36:141] info: Configured logger via 
{
  "enableConsoleTransport": true,
  "identifierOverride": "unknown-web-contents-console",
  "shouldUseNewBackend": false,
  "loggerInstanceCount": 8
}
[10/06/22, 09:34:36:141] info: Predefined values for process 
{
  "NODE_ENV": "production",
  "platform": "linux",
  "type": "browser",
  "timeZone": "Australia/Melbourne",
  "PACKAGE_MANIFEST.productName": "Slack",
  "PACKAGE_MANIFEST.version": "4.28.171",
  "PACKAGE_MANIFEST.commit": "9e5b7bb",
  "PACKAGE_MANIFEST.branch": "HEAD"
}
[10/06/22, 09:34:36:155] info: 
╔═══════════════════════════════════════════════════════╗
║      Slack 4.28.171, linux 5.19.8-arch1-1 on x64      ║
╚═══════════════════════════════════════════════════════╝ 
[10/06/22, 09:34:36:155] info: Configured logger via 
{
  "enableConsoleTransport": true,
  "identifierOverride": "unknown-web-contents-console",
  "shouldUseNewBackend": false,
  "loggerInstanceCount": 9
}
[10/06/22, 09:34:36:155] info: Predefined values for process 
{
  "NODE_ENV": "production",
  "platform": "linux",
  "type": "browser",
  "timeZone": "Australia/Melbourne",
  "PACKAGE_MANIFEST.productName": "Slack",
  "PACKAGE_MANIFEST.version": "4.28.171",
  "PACKAGE_MANIFEST.commit": "9e5b7bb",
  "PACKAGE_MANIFEST.branch": "HEAD"
}
[10/19/22, 11:49:46:202] info: 
╔═══════════════════════════════════════════════════════╗
║      Slack 4.28.171, linux 5.19.8-arch1-1 on x64      ║
╚═══════════════════════════════════════════════════════╝ 
[10/19/22, 11:49:46:202] info: Configured logger via 
{
  "enableConsoleTransport": true,
  "identifierOverride": "unknown-web-contents-console",
  "shouldUseNewBackend": false,
  "loggerInstanceCount": 10
}
[10/19/22, 11:49:46:202] info: Predefined values for process 
{
  "NODE_ENV": "production",
  "platform": "linux",
  "type": "browser",
  "timeZone": "Australia/Melbourne",
  "PACKAGE_MANIFEST.productName": "Slack",
  "PACKAGE_MANIFEST.version": "4.28.171",
  "PACKAGE_MANIFEST.commit": "9e5b7bb",
  "PACKAGE_MANIFEST.branch": "HEAD"
}
[10/19/22, 11:49:46:202] info: [METRICS] Starting timers for metrics collection 
[10/19/22, 11:49:46:202] info: [APP] app-popouts 
[10/19/22, 11:49:46:202] info: [DATE/TIME] 1666140585330 "2022-10-19T00:49:45.330Z" 
[10/19/22, 11:49:46:202] info: [VERSION] version_hash: 1f400c19ff32412f46152bf6b958b9c67cf74105 
[10/19/22, 11:49:46:202] info: [VERSION] version_ts: 1666057642 
[10/19/22, 11:49:46:202] info: [VERSION] min_version_data_ts: 1652142630 
[10/19/22, 11:49:46:202] info: [URL] https://app.slack.com/app-popouts/TLD2GNNT0 
[10/19/22, 11:49:46:202] info: [AUTH] authCookieChanged: started listening to the event 
[10/19/22, 11:49:46:202] warn: [AUTH] lc cookie (NaN) is missing 
[10/19/22, 11:49:46:202] info: [AUTH] Credentials are fresh (psc=1662440114, csc=NaN) 
[10/19/22, 11:49:46:202] info: [LOCAL-CONFIG] ingestIncomingConfig(): no incoming payload to process; current teams: T01V94BKUDD:U040PSA23TR,TGCL6Q4LU:U040PS44RHD,TLD2GNNT0:U040Y0D2C4E 
[10/19/22, 11:49:46:202] info: [BOOT] Initial team ID: TLD2GNNT0 
[10/19/22, 11:49:46:202] info: [TRACER] Tracing is not sampled by default for this team. 
[10/19/22, 11:49:46:202] info: [EMOJI_TRANSLATION] Emoji translations not yet loaded for locale 
[10/19/22, 11:49:46:203] info: [WD] All assets have reported back; s: 13; f: 0 
[10/19/22, 11:49:46:234] info: [TRACER] Tracing is not sampled by default for this session. 
[10/19/22, 11:49:46:248] info: [SOCKET-MANAGER] (TLD2GNNT0) Changing from never_connected to prov_connect 
[10/19/22, 11:49:46:248] info: [SOCKET-MANAGER] (TLD2GNNT0) will stay in prov_connect state for up to 10000 ms 
[10/19/22, 11:49:46:249] info: [SOCKET-MANAGER] (TLD2GNNT0) Connecting with token ending: bdb8 
[10/19/22, 11:49:46:249] info: [SOCKET-MANAGER] (TLD2GNNT0) Changing from prov_connect to prov_connecting 
[10/19/22, 11:49:46:249] info: [SOCKET-MANAGER] (TLD2GNNT0) will stay in prov_connecting state for up to 35000 ms 
[10/19/22, 11:49:46:255] info: [ENDPOINT-MANAGER] (TLD2GNNT0) No stale versions to clear. 
[10/19/22, 11:49:46:255] info: [SOCKET-MANAGER-MIDDLE] (TLD2GNNT0) Initialized Socket Manager instance 
[10/19/22, 11:49:46:275] warn: createThunk_getContext_not_connected (TLD2GNNT0) Thunk: Open a modal. Context: Modal 
[10/19/22, 11:49:46:380] info: [API-Q] (TLD2GNNT0) 1f400c19-1666140586.379 views.get called with reason: fetchView 
[10/19/22, 11:49:46:380] info: [API-Q] (TLD2GNNT0) 1f400c19-1666140586.379 views.get is ENQUEUED 
[10/19/22, 11:49:46:382] info: [API-Q] (TLD2GNNT0) 1f400c19-1666140586.381 apps.profile.get called with reason: fetch-all-apps-by-id 
[10/19/22, 11:49:46:382] info: [API-Q] (TLD2GNNT0) 1f400c19-1666140586.381 apps.profile.get is ENQUEUED 
[10/19/22, 11:49:46:383] info: [API-Q] (TLD2GNNT0) 1f400c19-1666140586.382 apps.profile.get called with reason: fetch-legacy-app-profile 
[10/19/22, 11:49:46:383] info: [API-Q] (TLD2GNNT0) 1f400c19-1666140586.382 apps.profile.get is ENQUEUED 
[10/19/22, 11:49:46:384] info: [API-Q] (TLD2GNNT0) noversion-1666140586.384 Flannel channels/info called with reason: flannel-call:channels/info 
[10/19/22, 11:49:46:384] info: [API-Q] (TLD2GNNT0) noversion-1666140586.384 Flannel channels/info is ENQUEUED 
[10/19/22, 11:49:46:384] info: [API-Q] (TLD2GNNT0) 1f400c19-1666140586.384 team.info called with reason: conditional-fetching 
[10/19/22, 11:49:46:384] info: [API-Q] (TLD2GNNT0) 1f400c19-1666140586.384 team.info is ENQUEUED 
[10/19/22, 11:49:46:415] info: [API-Q] (TLD2GNNT0) 1f400c19-1666140586.379 views.get is ACTIVE 
[10/19/22, 11:49:46:415] info: [API-Q] (TLD2GNNT0) 1f400c19-1666140586.381 apps.profile.get is ACTIVE 
[10/19/22, 11:49:46:415] info: [API-Q] (TLD2GNNT0) 1f400c19-1666140586.382 apps.profile.get is ACTIVE 
[10/19/22, 11:49:46:415] info: [API-Q] (TLD2GNNT0) noversion-1666140586.384 Flannel channels/info is ACTIVE 
[10/19/22, 11:49:46:415] info: [API-Q] (TLD2GNNT0) 1f400c19-1666140586.384 team.info is ACTIVE 
[10/19/22, 11:49:46:418] info: [API-Q] (TLD2GNNT0) noversion-1666140586.417 Flannel users/search called with reason: flannel-call:users/search 
[10/19/22, 11:49:46:418] info: [API-Q] (TLD2GNNT0) noversion-1666140586.417 Flannel users/search is ENQUEUED 
[10/19/22, 11:49:46:418] info: [API-Q] (TLD2GNNT0) noversion-1666140586.418 Flannel channels/search called with reason: flannel-call:channels/search 
[10/19/22, 11:49:46:418] info: [API-Q] (TLD2GNNT0) noversion-1666140586.418 Flannel channels/search is ENQUEUED 
[10/19/22, 11:49:46:418] info: [API-Q] (TLD2GNNT0) noversion-1666140586.417 Flannel users/search is ACTIVE 
[10/19/22, 11:49:46:418] info: [API-Q] (TLD2GNNT0) noversion-1666140586.418 Flannel channels/search is ACTIVE 
[10/19/22, 11:49:46:420] info: [FLANNEL] (TLD2GNNT0) received a user_subscribe_request call while we are not connected; deferring 
[10/19/22, 11:49:46:421] info: [API-Q] (TLD2GNNT0) noversion-1666140586.421 Flannel users/info called with reason: flannel-call:users/info 
[10/19/22, 11:49:46:421] info: [API-Q] (TLD2GNNT0) noversion-1666140586.421 Flannel users/info is ENQUEUED 
[10/19/22, 11:49:46:421] info: [API-Q] (TLD2GNNT0) noversion-1666140586.421 Flannel users/info is ACTIVE 
[10/19/22, 11:49:46:436] info: [API-Q] (TLD2GNNT0) noversion-1666140586.384 Flannel channels/info is RESOLVED 
[10/19/22, 11:49:46:440] info: [API-Q] (TLD2GNNT0) noversion-1666140586.418 Flannel channels/search is RESOLVED 
[10/19/22, 11:49:46:441] info: [API-Q] (TLD2GNNT0) noversion-1666140586.417 Flannel users/search is RESOLVED 
[10/19/22, 11:49:46:445] info: [API-Q] (TLD2GNNT0) noversion-1666140586.421 Flannel users/info is RESOLVED 
[10/19/22, 11:49:46:462] info: [API-Q] (TLD2GNNT0) 1f400c19-1666140586.461 search.autocomplete.model called with reason: AutocompleteModelCache 
[10/19/22, 11:49:46:462] info: [API-Q] (TLD2GNNT0) 1f400c19-1666140586.461 search.autocomplete.model is ENQUEUED 
[10/19/22, 11:49:46:464] info: [API-Q] (TLD2GNNT0) 1f400c19-1666140586.463 search.autocomplete.offlineFeatures called with reason: search-offline-features 
[10/19/22, 11:49:46:464] info: [API-Q] (TLD2GNNT0) 1f400c19-1666140586.463 search.autocomplete.offlineFeatures is ENQUEUED 
[10/19/22, 11:49:46:475] info: [API-Q] (TLD2GNNT0) 1f400c19-1666140586.461 search.autocomplete.model is ACTIVE 
[10/19/22, 11:49:46:475] info: [API-Q] (TLD2GNNT0) 1f400c19-1666140586.463 search.autocomplete.offlineFeatures is ACTIVE 
[10/19/22, 11:49:46:517] info: [UFM-MEMBERS] (TLD2GNNT0) requesting UPHGPU9FV,U01DM7KU35W,UV3EH9GLB,U0220HK6RR8,U016F8D576Y,U01A69KJJ92,UR2BDP9L5,U02059NSPK6,U023WBBSFGC,U01415LHES3,U03S39EV0NS,U021VEA0ADP,U01FF9WR07Q,U01CZ505KR6,U0101GV9L6R,U02CC2SBVUY,U02MT012SAF,U02MSTAFH43,U02K83K90LR,U0130S7FDC7,U01FV81TFRC (1) 
[10/19/22, 11:49:46:517] info: [UFM-MEMBERS] (TLD2GNNT0) received UPHGPU9FV,U01DM7KU35W,UV3EH9GLB,U0220HK6RR8,U016F8D576Y,U01A69KJJ92,UR2BDP9L5,U02059NSPK6,U023WBBSFGC,U01415LHES3,U03S39EV0NS,U021VEA0ADP,U01FF9WR07Q,U01CZ505KR6,U0101GV9L6R,U02CC2SBVUY,U02MT012SAF,U02MSTAFH43,U02K83K90LR,U0130S7FDC7,U01FV81TFRC (1) 
[10/19/22, 11:49:46:523] info: [DND_V2] (TLD2GNNT0) fetchAndUpsertDndForUsers - Preparing to fetch DND times for the following members: U042DMM7V3J,U036SAGHSG5,ULEV5BNLR,U03284K5E7L,USCB6PJDU,U03UHQALRQS,U02Q77M1V1C,U02GMP69DMG,U0407GFT18E,U041QAQKXG8,U046MS96ZUY 
[10/19/22, 11:49:46:523] info: [API-Q] (TLD2GNNT0) 1f400c19-1666140586.522 dnd.teamInfo called with reason: fetchAndUpsertDndForUsers-getDndTimesFor:others 
[10/19/22, 11:49:46:523] info: [API-Q] (TLD2GNNT0) 1f400c19-1666140586.522 dnd.teamInfo is ENQUEUED 
[10/19/22, 11:49:46:523] info: [API-Q] (TLD2GNNT0) 1f400c19-1666140586.522 dnd.teamInfo is ACTIVE 
[10/19/22, 11:49:46:535] info: [API-Q] (TLD2GNNT0) noversion-1666140586.534 Flannel channels/info called with reason: flannel-call:channels/info 
[10/19/22, 11:49:46:535] info: [API-Q] (TLD2GNNT0) noversion-1666140586.534 Flannel channels/info is ENQUEUED 
[10/19/22, 11:49:46:535] info: [API-Q] (TLD2GNNT0) noversion-1666140586.534 Flannel channels/info is ACTIVE 
[10/19/22, 11:49:46:554] info: [API-Q] (TLD2GNNT0) noversion-1666140586.534 Flannel channels/info is RESOLVED 
[10/19/22, 11:49:46:558] info: [API-Q] (TLD2GNNT0) 1f400c19-1666140586.558 conversations.genericInfo called with reason: fallback:fetchAndUpsertChannelsById 
[10/19/22, 11:49:46:558] info: [API-Q] (TLD2GNNT0) 1f400c19-1666140586.558 conversations.genericInfo is ENQUEUED 
[10/19/22, 11:49:46:558] info: [API-Q] (TLD2GNNT0) 1f400c19-1666140586.558 conversations.genericInfo is ACTIVE 
[10/19/22, 11:49:46:642] info: [SOCKET-MANAGER] (TLD2GNNT0) Changing from prov_connecting to prov_connected 
[10/19/22, 11:49:46:642] info: [SOCKET-MANAGER] (TLD2GNNT0) will stay in prov_connected state for up to 60000 ms 
[10/19/22, 11:49:46:643] info: [SOCKET-MANAGER] (TLD2GNNT0) Changing from prov_connected to prov_finalize 
[10/19/22, 11:49:46:644] info: [SOCKET-MANAGER] (TLD2GNNT0) will stay in prov_finalize state for up to 10000 ms 
[10/19/22, 11:49:46:644] info: [SOCKET-MANAGER] (TLD2GNNT0) Changing from prov_finalize to prov_finalizing 
[10/19/22, 11:49:46:644] info: [SOCKET-MANAGER] (TLD2GNNT0) will stay in prov_finalizing state for up to 10000 ms 
[10/19/22, 11:49:46:645] info: [SOCKET-MANAGER] (TLD2GNNT0) Changing from prov_finalizing to connected 
[10/19/22, 11:49:46:645] info: [SOCKET-MANAGER] (TLD2GNNT0) will stay in connected state for up to Infinity ms 
[10/19/22, 11:49:46:645] info: [SOCKET-MANAGER] (TLD2GNNT0) Connected to primary region 
[10/19/22, 11:49:46:649] info: [EVENTLOG] (TLD2GNNT0) fr=false, lc=false, lt=1666140580.122300 
[10/19/22, 11:49:46:649] info: [EVENTLOG] (TLD2GNNT0) fetching events since 1666140580.122300 (7 seconds ago) 
[10/19/22, 11:49:46:650] info: [API-Q] (TLD2GNNT0) 1f400c19-1666140586.649 ublockworkaround.history called with reason: fetchEventLogHistoryImmediately 
[10/19/22, 11:49:46:650] info: [API-Q] (TLD2GNNT0) 1f400c19-1666140586.649 ublockworkaround.history is ENQUEUED 
[10/19/22, 11:49:46:651] info: [MESSAGE-HISTORY] (TLD2GNNT0) Resetting reachedEnd 
[10/19/22, 11:49:46:652] info: [API-Q] (TLD2GNNT0) 1f400c19-1666140586.652 users.customStatus.list called with reason: fetchCustomStatusOnReconnect 
[10/19/22, 11:49:46:653] info: [API-Q] (TLD2GNNT0) 1f400c19-1666140586.652 users.customStatus.list is ENQUEUED 
[10/19/22, 11:49:46:653] info: [DND_V2] (TLD2GNNT0) Marking all DND times as stale for the following members after connecting to the websocket: U040Y0D2C4E,U036SAGHSG5,USCB6PJDU,U041QAQKXG8,U03284K5E7L,U03F9P9R3FT,U02SMNGA78U,U012U8J8FGQ,U027A99N4JC,UPWSBDX4P,U03UHQALRQS,U042DMM7V3J,UL9TUQ0P5,ULEV5BNLR,U02GMP69DMG,U02A1LBBX7Y,U02Q77M1V1C,U0407GFT18E,U046MS96ZUY,U042Q9FNS78 
[10/19/22, 11:49:46:654] info: [API-Q] (TLD2GNNT0) 1f400c19-1666140586.654 drafts.list called with reason: fetchDraftsOnReconnect 
[10/19/22, 11:49:46:654] info: [API-Q] (TLD2GNNT0) 1f400c19-1666140586.654 drafts.list is ENQUEUED 
[10/19/22, 11:49:46:655] info: [DRAFTS] (TLD2GNNT0) No local drafts - skipping fetch to purge inactive drafts 
[10/19/22, 11:49:46:656] info: [UNREAD-COUNTS] (TLD2GNNT0) Fetching counts 
[10/19/22, 11:49:46:656] info: [API-Q] (TLD2GNNT0) 1f400c19-1666140586.656 client.counts called with reason: client-counts-api/fetchClientCounts 
[10/19/22, 11:49:46:656] info: [API-Q] (TLD2GNNT0) 1f400c19-1666140586.656 client.counts is ENQUEUED 
[10/19/22, 11:49:46:659] info: [FLANNEL] (TLD2GNNT0) connected and trouble free! Continuing deferred user_subscribe_request call 
[10/19/22, 11:49:46:660] info: [API-Q] (TLD2GNNT0) 1f400c19-1666140586.649 ublockworkaround.history is ACTIVE 
[10/19/22, 11:49:46:660] info: [API-Q] (TLD2GNNT0) 1f400c19-1666140586.652 users.customStatus.list is ACTIVE 
[10/19/22, 11:49:46:675] info: [API-Q] (TLD2GNNT0) 1f400c19-1666140586.384 team.info is RESOLVED 
[10/19/22, 11:49:46:675] info: [API-Q] (TLD2GNNT0) 1f400c19-1666140586.654 drafts.list is ACTIVE 
[10/19/22, 11:49:46:677] info: [API-Q] (TLD2GNNT0) 1f400c19-1666140586.379 views.get is RESOLVED 
[10/19/22, 11:49:46:677] info: [API-Q] (TLD2GNNT0) 1f400c19-1666140586.656 client.counts is ACTIVE 
[10/19/22, 11:49:46:706] info: [API-Q] (TLD2GNNT0) 1f400c19-1666140586.706 team.info called with reason: conditional-fetching 
[10/19/22, 11:49:46:706] info: [API-Q] (TLD2GNNT0) 1f400c19-1666140586.706 team.info is ENQUEUED 
[10/19/22, 11:49:46:707] info: [API-Q] (TLD2GNNT0) 1f400c19-1666140586.706 views.get called with reason: fetchView 
[10/19/22, 11:49:46:707] info: [API-Q] (TLD2GNNT0) 1f400c19-1666140586.706 views.get is ENQUEUED 
[10/19/22, 11:49:46:711] info: [API-Q] (TLD2GNNT0) 1f400c19-1666140586.381 apps.profile.get is RESOLVED 
[10/19/22, 11:49:46:712] info: [API-Q] (TLD2GNNT0) 1f400c19-1666140586.706 team.info is ACTIVE 
[10/19/22, 11:49:46:712] info: [API-Q] (TLD2GNNT0) 1f400c19-1666140586.382 apps.profile.get is RESOLVED 
[10/19/22, 11:49:46:712] info: [API-Q] (TLD2GNNT0) 1f400c19-1666140586.706 views.get is ACTIVE 
[10/19/22, 11:49:46:733] info: [API-Q] (TLD2GNNT0) 1f400c19-1666140586.732 apps.profile.get called with reason: fetch-all-apps-by-id 
[10/19/22, 11:49:46:733] info: [API-Q] (TLD2GNNT0) 1f400c19-1666140586.732 apps.profile.get is ENQUEUED 
[10/19/22, 11:49:46:733] info: [API-Q] (TLD2GNNT0) 1f400c19-1666140586.733 apps.profile.get called with reason: fetch-legacy-app-profile 
[10/19/22, 11:49:46:733] info: [API-Q] (TLD2GNNT0) 1f400c19-1666140586.733 apps.profile.get is ENQUEUED 
[10/19/22, 11:49:46:734] info: [API-Q] (TLD2GNNT0) 1f400c19-1666140586.461 search.autocomplete.model is RESOLVED 
[10/19/22, 11:49:46:734] info: [API-Q] (TLD2GNNT0) 1f400c19-1666140586.732 apps.profile.get is ACTIVE 
[10/19/22, 11:49:46:745] info: [API-Q] (TLD2GNNT0) 1f400c19-1666140586.463 search.autocomplete.offlineFeatures is RESOLVED 
[10/19/22, 11:49:46:745] info: [API-Q] (TLD2GNNT0) 1f400c19-1666140586.733 apps.profile.get is ACTIVE 
[10/19/22, 11:49:46:785] info: [API-Q] (TLD2GNNT0) 1f400c19-1666140586.522 dnd.teamInfo is RESOLVED 
[10/19/22, 11:49:46:785] info: [DND] (TLD2GNNT0) Fetched DND info for the following members: U042DMM7V3J,U036SAGHSG5,ULEV5BNLR,U03284K5E7L,USCB6PJDU,U03UHQALRQS,U02Q77M1V1C,U02GMP69DMG,U0407GFT18E,U041QAQKXG8,U046MS96ZUY 
[10/19/22, 11:49:46:787] info: [DND_V2] (TLD2GNNT0) Not setting a timer as all schedules are stale 
[10/19/22, 11:49:46:787] info: [DND_V2] (TLD2GNNT0) fetchAndUpsertDndForUsers - Preparing to fetch DND times for the following members: U042DMM7V3J,U036SAGHSG5,ULEV5BNLR,U03284K5E7L,USCB6PJDU,U03UHQALRQS,U02Q77M1V1C,U02GMP69DMG,U0407GFT18E,U041QAQKXG8,U046MS96ZUY 
[10/19/22, 11:49:46:788] info: [API-Q] (TLD2GNNT0) 1f400c19-1666140586.787 dnd.teamInfo called with reason: fetchAndUpsertDndForUsers-getDndTimesFor:others 
[10/19/22, 11:49:46:788] info: [API-Q] (TLD2GNNT0) 1f400c19-1666140586.787 dnd.teamInfo is ENQUEUED 
[10/19/22, 11:49:46:788] info: [API-Q] (TLD2GNNT0) 1f400c19-1666140586.787 dnd.teamInfo is ACTIVE 
[10/19/22, 11:49:46:817] info: [API-Q] (TLD2GNNT0) 1f400c19-1666140586.558 conversations.genericInfo is RESOLVED 
[10/19/22, 11:49:46:820] info: [API-Q] (TLD2GNNT0) noversion-1666140586.819 Flannel channels/info called with reason: flannel-call:channels/info 
[10/19/22, 11:49:46:820] info: [API-Q] (TLD2GNNT0) noversion-1666140586.819 Flannel channels/info is ENQUEUED 
[10/19/22, 11:49:46:820] info: [API-Q] (TLD2GNNT0) noversion-1666140586.819 Flannel channels/info is ACTIVE 
[10/19/22, 11:49:46:841] info: [API-Q] (TLD2GNNT0) noversion-1666140586.819 Flannel channels/info is RESOLVED 
[10/19/22, 11:49:46:843] info: [API-Q] (TLD2GNNT0) 1f400c19-1666140586.842 conversations.genericInfo called with reason: fallback:fetchAndUpsertChannelsById 
[10/19/22, 11:49:46:843] info: [API-Q] (TLD2GNNT0) 1f400c19-1666140586.842 conversations.genericInfo is ENQUEUED 
[10/19/22, 11:49:46:843] info: [API-Q] (TLD2GNNT0) 1f400c19-1666140586.842 conversations.genericInfo is ACTIVE 
[10/19/22, 11:49:46:910] info: [API-Q] (TLD2GNNT0) 1f400c19-1666140586.652 users.customStatus.list is RESOLVED 
[10/19/22, 11:49:46:916] info: [API-Q] (TLD2GNNT0) 1f400c19-1666140586.649 ublockworkaround.history is RESOLVED 
[10/19/22, 11:49:46:916] info: [EVENTLOG] (TLD2GNNT0) nothing to process 
[10/19/22, 11:49:46:917] info: [EVENTLOG] (TLD2GNNT0) fetched finish (cancelled? false) 
[10/19/22, 11:49:46:917] info: [EVENTLOG] (TLD2GNNT0) dispatching signal and clearing timestamp 
[10/19/22, 11:49:46:931] info: [API-Q] (TLD2GNNT0) 1f400c19-1666140586.654 drafts.list is RESOLVED 
[10/19/22, 11:49:46:937] info: [DRAFTS] (TLD2GNNT0) No active drafts 
[10/19/22, 11:49:46:937] info: [DRAFTS] (TLD2GNNT0) Successfully fetched all active and inactive drafts ✨ 
[10/19/22, 11:49:46:938] info: [API-Q] (TLD2GNNT0) 1f400c19-1666140586.656 client.counts is RESOLVED 
[10/19/22, 11:49:46:945] warn: %cUnhandled rejection Error: Not implemented (and only ever intended for use in non-Sonic Land)
    at https://a.slack-edge.com/bv1-10/gantry-v2-async-app-popouts-boot-render.25d9452.min.js?cacheKey=gantry-1666057642:10:2327444
    at https://a.slack-edge.com/bv1-10/gantry-v2-shared.805b03c.min.js?cacheKey=gantry-1666057642:1:381419
    at https://a.slack-edge.com/bv1-10/gantry-v2-async-app-popouts-boot-render.25d9452.min.js?cacheKey=gantry-1666057642:10:2331535
    at Generator.next (<anonymous>)
    at Generator.u (https://a.slack-edge.com/bv1-10/gantry-v2-vendors.f734748.min.js?cacheKey=gantry-1666057642:33:79581)
    at l._promiseFulfilled (https://a.slack-edge.com/bv1-10/gantry-v2-vendors.f734748.min.js?cacheKey=gantry-1666057642:33:35826)
    at https://a.slack-edge.com/bv1-10/gantry-v2-vendors.f734748.min.js?cacheKey=gantry-1666057642:33:37855
    at https://a.slack-edge.com/bv1-10/gantry-v2-async-app-popouts-boot-render.25d9452.min.js?cacheKey=gantry-1666057642:10:2334446
    at h (https://a.slack-edge.com/bv1-10/gantry-v2-shared.805b03c.min.js?cacheKey=gantry-1666057642:1:146771)
    at https://a.slack-edge.com/bv1-10/gantry-v2-vendors-async.a0d8b09.min.js?cacheKey=gantry-1666057642:44:672669
    at https://a.slack-edge.com/bv1-10/gantry-v2-async-app-popouts-boot-data.a43bf30.min.js?cacheKey=gantry-1666057642:49:1317726
    at https://a.slack-edge.com/bv1-10/gantry-v2-shared.805b03c.min.js?cacheKey=gantry-1666057642:1:834785
    at https://a.slack-edge.com/bv1-10/gantry-v2-async-app-popouts-boot-data.a43bf30.min.js?cacheKey=gantry-1666057642:38:815559
    at https://a.slack-edge.com/bv1-10/gantry-v2-shared.805b03c.min.js?cacheKey=gantry-1666057642:1:834785
    at https://a.slack-edge.com/bv1-10/gantry-v2-async-app-popouts-boot-data.a43bf30.min.js?cacheKey=gantry-1666057642:49:1320662
    at https://a.slack-edge.com/bv1-10/gantry-v2-shared.805b03c.min.js?cacheKey=gantry-1666057642:1:834785 color: red 
[10/19/22, 11:49:46:959] info: [API-Q] (TLD2GNNT0) 1f400c19-1666140586.706 team.info is RESOLVED 
[10/19/22, 11:49:46:971] info: [API-Q] (TLD2GNNT0) 1f400c19-1666140586.706 views.get is RESOLVED 
[10/19/22, 11:49:47:015] info: [API-Q] (TLD2GNNT0) 1f400c19-1666140586.732 apps.profile.get is RESOLVED 
[10/19/22, 11:49:47:053] info: [API-Q] (TLD2GNNT0) 1f400c19-1666140586.733 apps.profile.get is RESOLVED 
[10/19/22, 11:49:47:064] info: [API-Q] (TLD2GNNT0) 1f400c19-1666140586.787 dnd.teamInfo is RESOLVED 
[10/19/22, 11:49:47:068] info: [DND] (TLD2GNNT0) Fetched DND info for the following members: U042DMM7V3J,U036SAGHSG5,ULEV5BNLR,U03284K5E7L,USCB6PJDU,U03UHQALRQS,U02Q77M1V1C,U02GMP69DMG,U0407GFT18E,U041QAQKXG8,U046MS96ZUY 
[10/19/22, 11:49:47:070] info: [DND_V2] (TLD2GNNT0) Will check for changes in DND status again in 5 minutes 
[10/19/22, 11:49:47:098] info: [API-Q] (TLD2GNNT0) 1f400c19-1666140586.842 conversations.genericInfo is RESOLVED 
[10/19/22, 11:49:47:428] info: [API-Q] (TLD2GNNT0) noversion-1666140587.427 Flannel users/info called with reason: flannel-call:users/info 
[10/19/22, 11:49:47:428] info: [API-Q] (TLD2GNNT0) noversion-1666140587.427 Flannel users/info is ENQUEUED 
[10/19/22, 11:49:47:428] info: [API-Q] (TLD2GNNT0) noversion-1666140587.427 Flannel users/info is ACTIVE 
[10/19/22, 11:49:47:449] info: [API-Q] (TLD2GNNT0) noversion-1666140587.427 Flannel users/info is RESOLVED 
[10/19/22, 11:50:29:012] info: [MSG-SHARED-RTM] (TLD2GNNT0) dispatch to single store 1 msgs 
[10/19/22, 11:50:29:016] info: [RTM] (TLD2GNNT0) Processed 1 message event(s) in channel(s) C03LF4X6GCB over 30.70ms 
[10/19/22, 11:50:31:685] info: [MSG-SHARED-RTM] (TLD2GNNT0) dispatch to single store 1 msgs 
[10/19/22, 11:50:33:972] info: [MSG-SHARED-RTM] (TLD2GNNT0) dispatch to single store 1 msgs 
[10/19/22, 11:50:36:032] info: [MSG-SHARED-RTM] (TLD2GNNT0) dispatch to single store 1 msgs 
[10/19/22, 11:50:43:665] info: [RTM] (TLD2GNNT0) Processed 1 user_invalidated event(s) over 47.70ms 
[10/19/22, 11:50:54:283] info: [MSG-SHARED-RTM] (TLD2GNNT0) dispatch to single store 1 msgs 
[10/19/22, 11:50:54:330] info: [RTM] (TLD2GNNT0) Processed 1 message:message_changed event(s) in channel(s) C03LF4X6GCB over 50.50ms 
[10/19/22, 11:50:54:334] info: [UNREAD-COUNTS] (TLD2GNNT0) Short-circuiting re-count in C03LF4X6GCB because channel is already unread 
[10/19/22, 11:50:54:361] info: [API-Q] (TLD2GNNT0) noversion-1666140654.361 Flannel channels/info called with reason: flannel-call:channels/info 
[10/19/22, 11:50:54:361] info: [API-Q] (TLD2GNNT0) noversion-1666140654.361 Flannel channels/info is ENQUEUED 
[10/19/22, 11:50:54:362] info: [API-Q] (TLD2GNNT0) noversion-1666140654.361 Flannel channels/info is ACTIVE 
[10/19/22, 11:50:54:382] info: [API-Q] (TLD2GNNT0) noversion-1666140654.361 Flannel channels/info is RESOLVED 
[10/19/22, 11:50:56:908] info: [API-Q] (TLD2GNNT0) 1f400c19-1666140656.908 client.counts called with reason: client-counts-api/fetchClientCounts 
[10/19/22, 11:50:56:909] info: [API-Q] (TLD2GNNT0) 1f400c19-1666140656.908 client.counts is ENQUEUED 
[10/19/22, 11:50:56:909] info: [API-Q] (TLD2GNNT0) 1f400c19-1666140656.908 client.counts is ACTIVE 
[10/19/22, 11:50:57:170] info: [API-Q] (TLD2GNNT0) 1f400c19-1666140656.908 client.counts is RESOLVED 
[10/19/22, 11:50:57:183] warn: %cUnhandled rejection Error: Not implemented (and only ever intended for use in non-Sonic Land)
    at https://a.slack-edge.com/bv1-10/gantry-v2-async-app-popouts-boot-render.25d9452.min.js?cacheKey=gantry-1666057642:10:2327444
    at https://a.slack-edge.com/bv1-10/gantry-v2-shared.805b03c.min.js?cacheKey=gantry-1666057642:1:381419
    at https://a.slack-edge.com/bv1-10/gantry-v2-async-app-popouts-boot-render.25d9452.min.js?cacheKey=gantry-1666057642:10:2331535
    at Generator.next (<anonymous>)
    at Generator.u (https://a.slack-edge.com/bv1-10/gantry-v2-vendors.f734748.min.js?cacheKey=gantry-1666057642:33:79581)
    at l._promiseFulfilled (https://a.slack-edge.com/bv1-10/gantry-v2-vendors.f734748.min.js?cacheKey=gantry-1666057642:33:35826)
    at https://a.slack-edge.com/bv1-10/gantry-v2-vendors.f734748.min.js?cacheKey=gantry-1666057642:33:37855
    at https://a.slack-edge.com/bv1-10/gantry-v2-async-app-popouts-boot-render.25d9452.min.js?cacheKey=gantry-1666057642:10:2334446
    at h (https://a.slack-edge.com/bv1-10/gantry-v2-shared.805b03c.min.js?cacheKey=gantry-1666057642:1:146771)
    at https://a.slack-edge.com/bv1-10/gantry-v2-vendors-async.a0d8b09.min.js?cacheKey=gantry-1666057642:44:672669
    at https://a.slack-edge.com/bv1-10/gantry-v2-async-app-popouts-boot-data.a43bf30.min.js?cacheKey=gantry-1666057642:49:1317726
    at https://a.slack-edge.com/bv1-10/gantry-v2-shared.805b03c.min.js?cacheKey=gantry-1666057642:1:834785
    at https://a.slack-edge.com/bv1-10/gantry-v2-async-app-popouts-boot-data.a43bf30.min.js?cacheKey=gantry-1666057642:38:815559
    at https://a.slack-edge.com/bv1-10/gantry-v2-shared.805b03c.min.js?cacheKey=gantry-1666057642:1:834785
    at https://a.slack-edge.com/bv1-10/gantry-v2-async-app-popouts-boot-data.a43bf30.min.js?cacheKey=gantry-1666057642:49:1320662
    at https://a.slack-edge.com/bv1-10/gantry-v2-shared.805b03c.min.js?cacheKey=gantry-1666057642:1:834785 color: red 
[10/19/22, 11:51:01:091] info: [API-Q] (TLD2GNNT0) 1f400c19-1666140661.091 blocks.actions called with reason: dispatch_action_to_developer 
[10/19/22, 11:51:01:091] info: [API-Q] (TLD2GNNT0) 1f400c19-1666140661.091 blocks.actions is ENQUEUED 
[10/19/22, 11:51:01:135] info: [API-Q] (TLD2GNNT0) 1f400c19-1666140661.091 blocks.actions is ACTIVE 
[10/19/22, 11:51:01:617] info: [API-Q] (TLD2GNNT0) 1f400c19-1666140661.617 views.get called with reason: fetchView 
[10/19/22, 11:51:01:618] info: [API-Q] (TLD2GNNT0) 1f400c19-1666140661.617 views.get is ENQUEUED 
[10/19/22, 11:51:01:618] info: [API-Q] (TLD2GNNT0) 1f400c19-1666140661.617 views.get is ACTIVE 
[10/19/22, 11:51:01:730] info: [API-Q] (TLD2GNNT0) 1f400c19-1666140661.091 blocks.actions is RESOLVED 
[10/19/22, 11:51:01:754] info: [API-Q] (TLD2GNNT0) noversion-1666140661.754 Flannel users/search called with reason: flannel-call:users/search 
[10/19/22, 11:51:01:754] info: [API-Q] (TLD2GNNT0) noversion-1666140661.754 Flannel users/search is ENQUEUED 
[10/19/22, 11:51:01:755] info: [API-Q] (TLD2GNNT0) noversion-1666140661.754 Flannel channels/search called with reason: flannel-call:channels/search 
[10/19/22, 11:51:01:755] info: [API-Q] (TLD2GNNT0) noversion-1666140661.754 Flannel channels/search is ENQUEUED 
[10/19/22, 11:51:01:755] info: [API-Q] (TLD2GNNT0) noversion-1666140661.754 Flannel users/search is ACTIVE 
[10/19/22, 11:51:01:755] info: [API-Q] (TLD2GNNT0) noversion-1666140661.754 Flannel channels/search is ACTIVE 
[10/19/22, 11:51:01:777] info: [API-Q] (TLD2GNNT0) noversion-1666140661.754 Flannel channels/search is RESOLVED 
[10/19/22, 11:51:01:777] info: [API-Q] (TLD2GNNT0) noversion-1666140661.754 Flannel users/search is RESOLVED 
[10/19/22, 11:51:01:886] info: [API-Q] (TLD2GNNT0) 1f400c19-1666140661.617 views.get is RESOLVED 
[10/19/22, 11:51:05:724] info: [API-Q] (TLD2GNNT0) 1f400c19-1666140665.720 blocks.actions called with reason: dispatch_action_to_developer 
[10/19/22, 11:51:05:724] info: [API-Q] (TLD2GNNT0) 1f400c19-1666140665.720 blocks.actions is ENQUEUED 
[10/19/22, 11:51:05:768] info: [API-Q] (TLD2GNNT0) 1f400c19-1666140665.720 blocks.actions is ACTIVE 
[10/19/22, 11:51:06:222] info: [API-Q] (TLD2GNNT0) 1f400c19-1666140666.222 views.get called with reason: fetchView 
[10/19/22, 11:51:06:222] info: [API-Q] (TLD2GNNT0) 1f400c19-1666140666.222 views.get is ENQUEUED 
[10/19/22, 11:51:06:222] info: [API-Q] (TLD2GNNT0) 1f400c19-1666140666.222 views.get is ACTIVE 
[10/19/22, 11:51:06:328] info: [API-Q] (TLD2GNNT0) 1f400c19-1666140665.720 blocks.actions is RESOLVED 
[10/19/22, 11:51:06:358] info: [API-Q] (TLD2GNNT0) noversion-1666140666.358 Flannel users/search called with reason: flannel-call:users/search 
[10/19/22, 11:51:06:358] info: [API-Q] (TLD2GNNT0) noversion-1666140666.358 Flannel users/search is ENQUEUED 
[10/19/22, 11:51:06:358] info: [API-Q] (TLD2GNNT0) noversion-1666140666.358 Flannel channels/search called with reason: flannel-call:channels/search 
[10/19/22, 11:51:06:358] info: [API-Q] (TLD2GNNT0) noversion-1666140666.358 Flannel channels/search is ENQUEUED 
[10/19/22, 11:51:06:359] info: [API-Q] (TLD2GNNT0) noversion-1666140666.358 Flannel users/search is ACTIVE 
[10/19/22, 11:51:06:359] info: [API-Q] (TLD2GNNT0) noversion-1666140666.358 Flannel channels/search is ACTIVE 
[10/19/22, 11:51:06:381] info: [API-Q] (TLD2GNNT0) noversion-1666140666.358 Flannel channels/search is RESOLVED 
[10/19/22, 11:51:06:381] info: [API-Q] (TLD2GNNT0) noversion-1666140666.358 Flannel users/search is RESOLVED 
[10/19/22, 11:51:06:474] info: [API-Q] (TLD2GNNT0) 1f400c19-1666140666.222 views.get is RESOLVED 
[10/19/22, 11:51:18:603] info: [API-Q] (TLD2GNNT0) 1f400c19-1666140678.599 blocks.actions called with reason: dispatch_action_to_developer 
[10/19/22, 11:51:18:603] info: [API-Q] (TLD2GNNT0) 1f400c19-1666140678.599 blocks.actions is ENQUEUED 
[10/19/22, 11:51:18:656] info: [API-Q] (TLD2GNNT0) 1f400c19-1666140678.599 blocks.actions is ACTIVE 
[10/19/22, 11:51:19:099] info: [API-Q] (TLD2GNNT0) 1f400c19-1666140679.098 views.get called with reason: fetchView 
[10/19/22, 11:51:19:099] info: [API-Q] (TLD2GNNT0) 1f400c19-1666140679.098 views.get is ENQUEUED 
[10/19/22, 11:51:19:099] info: [API-Q] (TLD2GNNT0) 1f400c19-1666140679.098 views.get is ACTIVE 
[10/19/22, 11:51:19:211] info: [API-Q] (TLD2GNNT0) 1f400c19-1666140678.599 blocks.actions is RESOLVED 
[10/19/22, 11:51:19:245] info: [API-Q] (TLD2GNNT0) noversion-1666140679.244 Flannel users/search called with reason: flannel-call:users/search 
[10/19/22, 11:51:19:245] info: [API-Q] (TLD2GNNT0) noversion-1666140679.244 Flannel users/search is ENQUEUED 
[10/19/22, 11:51:19:245] info: [API-Q] (TLD2GNNT0) noversion-1666140679.244 Flannel channels/search called with reason: flannel-call:channels/search 
[10/19/22, 11:51:19:245] info: [API-Q] (TLD2GNNT0) noversion-1666140679.244 Flannel channels/search is ENQUEUED 
[10/19/22, 11:51:19:245] info: [API-Q] (TLD2GNNT0) noversion-1666140679.244 Flannel users/search is ACTIVE 
[10/19/22, 11:51:19:245] info: [API-Q] (TLD2GNNT0) noversion-1666140679.244 Flannel channels/search is ACTIVE 
[10/19/22, 11:51:19:268] info: [API-Q] (TLD2GNNT0) noversion-1666140679.244 Flannel channels/search is RESOLVED 
[10/19/22, 11:51:19:268] info: [API-Q] (TLD2GNNT0) noversion-1666140679.244 Flannel users/search is RESOLVED 
[10/19/22, 11:51:19:352] info: [API-Q] (TLD2GNNT0) 1f400c19-1666140679.098 views.get is RESOLVED 
[10/19/22, 11:51:30:202] info: [API-Q] (TLD2GNNT0) 1f400c19-1666140690.199 blocks.actions called with reason: dispatch_action_to_developer 
[10/19/22, 11:51:30:202] info: [API-Q] (TLD2GNNT0) 1f400c19-1666140690.199 blocks.actions is ENQUEUED 
[10/19/22, 11:51:30:247] info: [API-Q] (TLD2GNNT0) 1f400c19-1666140690.199 blocks.actions is ACTIVE 
[10/19/22, 11:51:30:687] info: [API-Q] (TLD2GNNT0) 1f400c19-1666140690.687 views.get called with reason: fetchView 
[10/19/22, 11:51:30:687] info: [API-Q] (TLD2GNNT0) 1f400c19-1666140690.687 views.get is ENQUEUED 
[10/19/22, 11:51:30:688] info: [API-Q] (TLD2GNNT0) 1f400c19-1666140690.687 views.get is ACTIVE 
[10/19/22, 11:51:30:799] info: [API-Q] (TLD2GNNT0) 1f400c19-1666140690.199 blocks.actions is RESOLVED 
[10/19/22, 11:51:30:834] info: [API-Q] (TLD2GNNT0) noversion-1666140690.833 Flannel users/search called with reason: flannel-call:users/search 
[10/19/22, 11:51:30:834] info: [API-Q] (TLD2GNNT0) noversion-1666140690.833 Flannel users/search is ENQUEUED 
[10/19/22, 11:51:30:834] info: [API-Q] (TLD2GNNT0) noversion-1666140690.833 Flannel channels/search called with reason: flannel-call:channels/search 
[10/19/22, 11:51:30:834] info: [API-Q] (TLD2GNNT0) noversion-1666140690.833 Flannel channels/search is ENQUEUED 
[10/19/22, 11:51:30:834] info: [API-Q] (TLD2GNNT0) noversion-1666140690.833 Flannel users/search is ACTIVE 
[10/19/22, 11:51:30:834] info: [API-Q] (TLD2GNNT0) noversion-1666140690.833 Flannel channels/search is ACTIVE 
[10/19/22, 11:51:30:857] info: [API-Q] (TLD2GNNT0) noversion-1666140690.833 Flannel channels/search is RESOLVED 
[10/19/22, 11:51:30:858] info: [API-Q] (TLD2GNNT0) noversion-1666140690.833 Flannel users/search is RESOLVED 
[10/19/22, 11:51:30:949] info: [API-Q] (TLD2GNNT0) 1f400c19-1666140690.687 views.get is RESOLVED 
[10/19/22, 11:51:44:010] info: [API-Q] (TLD2GNNT0) 1f400c19-1666140704.006 blocks.actions called with reason: dispatch_action_to_developer 
[10/19/22, 11:51:44:011] info: [API-Q] (TLD2GNNT0) 1f400c19-1666140704.006 blocks.actions is ENQUEUED 
[10/19/22, 11:51:44:064] info: [API-Q] (TLD2GNNT0) 1f400c19-1666140704.006 blocks.actions is ACTIVE 
[10/19/22, 11:51:44:562] info: [API-Q] (TLD2GNNT0) 1f400c19-1666140704.562 views.get called with reason: fetchView 
[10/19/22, 11:51:44:562] info: [API-Q] (TLD2GNNT0) 1f400c19-1666140704.562 views.get is ENQUEUED 
[10/19/22, 11:51:44:562] info: [API-Q] (TLD2GNNT0) 1f400c19-1666140704.562 views.get is ACTIVE 
[10/19/22, 11:51:44:674] info: [API-Q] (TLD2GNNT0) 1f400c19-1666140704.006 blocks.actions is RESOLVED 
[10/19/22, 11:51:44:700] info: [API-Q] (TLD2GNNT0) noversion-1666140704.699 Flannel users/search called with reason: flannel-call:users/search 
[10/19/22, 11:51:44:700] info: [API-Q] (TLD2GNNT0) noversion-1666140704.699 Flannel users/search is ENQUEUED 
[10/19/22, 11:51:44:700] info: [API-Q] (TLD2GNNT0) noversion-1666140704.700 Flannel channels/search called with reason: flannel-call:channels/search 
[10/19/22, 11:51:44:700] info: [API-Q] (TLD2GNNT0) noversion-1666140704.700 Flannel channels/search is ENQUEUED 
[10/19/22, 11:51:44:700] info: [API-Q] (TLD2GNNT0) noversion-1666140704.699 Flannel users/search is ACTIVE 
[10/19/22, 11:51:44:700] info: [API-Q] (TLD2GNNT0) noversion-1666140704.700 Flannel channels/search is ACTIVE 
[10/19/22, 11:51:44:722] info: [API-Q] (TLD2GNNT0) noversion-1666140704.700 Flannel channels/search is RESOLVED 
[10/19/22, 11:51:44:723] info: [API-Q] (TLD2GNNT0) noversion-1666140704.699 Flannel users/search is RESOLVED 
[10/19/22, 11:51:44:862] info: [API-Q] (TLD2GNNT0) 1f400c19-1666140704.562 views.get is RESOLVED 
[10/19/22, 11:51:53:313] info: [MSG-SHARED-RTM] (TLD2GNNT0) dispatch to single store 1 msgs 
[10/19/22, 11:53:04:223] info: [API-Q] (TLD2GNNT0) 1f400c19-1666140784.221 blocks.actions called with reason: dispatch_action_to_developer 
[10/19/22, 11:53:04:224] info: [API-Q] (TLD2GNNT0) 1f400c19-1666140784.221 blocks.actions is ENQUEUED 
[10/19/22, 11:53:04:272] info: [API-Q] (TLD2GNNT0) 1f400c19-1666140784.221 blocks.actions is ACTIVE 
[10/19/22, 11:53:04:747] info: [API-Q] (TLD2GNNT0) 1f400c19-1666140784.746 views.get called with reason: fetchView 
[10/19/22, 11:53:04:747] info: [API-Q] (TLD2GNNT0) 1f400c19-1666140784.746 views.get is ENQUEUED 
[10/19/22, 11:53:04:747] info: [API-Q] (TLD2GNNT0) 1f400c19-1666140784.746 views.get is ACTIVE 
[10/19/22, 11:53:04:859] info: [API-Q] (TLD2GNNT0) 1f400c19-1666140784.221 blocks.actions is RESOLVED 
[10/19/22, 11:53:04:921] info: [API-Q] (TLD2GNNT0) noversion-1666140784.921 Flannel users/search called with reason: flannel-call:users/search 
[10/19/22, 11:53:04:921] info: [API-Q] (TLD2GNNT0) noversion-1666140784.921 Flannel users/search is ENQUEUED 
[10/19/22, 11:53:04:922] info: [API-Q] (TLD2GNNT0) noversion-1666140784.921 Flannel channels/search called with reason: flannel-call:channels/search 
[10/19/22, 11:53:04:922] info: [API-Q] (TLD2GNNT0) noversion-1666140784.921 Flannel channels/search is ENQUEUED 
[10/19/22, 11:53:04:922] info: [API-Q] (TLD2GNNT0) noversion-1666140784.921 Flannel users/search is ACTIVE 
[10/19/22, 11:53:04:922] info: [API-Q] (TLD2GNNT0) noversion-1666140784.921 Flannel channels/search is ACTIVE 
[10/19/22, 11:53:04:948] info: [API-Q] (TLD2GNNT0) noversion-1666140784.921 Flannel channels/search is RESOLVED 
[10/19/22, 11:53:04:949] info: [API-Q] (TLD2GNNT0) noversion-1666140784.921 Flannel users/search is RESOLVED 
[10/19/22, 11:53:05:007] info: [API-Q] (TLD2GNNT0) 1f400c19-1666140784.746 views.get is RESOLVED 
[10/19/22, 11:54:31:053] info: [RTM] (TLD2GNNT0) Processed 1 file_change event(s) over 39.70ms 
[10/19/22, 11:54:47:095] info: [DND_V2] (TLD2GNNT0) Checking for changes in DND status for the following members: U036SAGHSG5,USCB6PJDU,U041QAQKXG8,U03284K5E7L,U03UHQALRQS,U042DMM7V3J,ULEV5BNLR,U02GMP69DMG,U02Q77M1V1C,U0407GFT18E,U046MS96ZUY 
[10/19/22, 11:54:47:109] info: [DND_V2] (TLD2GNNT0) Will check for changes in DND status again in 5 minutes 
[10/19/22, 11:54:53:487] info: [RTM] (TLD2GNNT0) Processed 1 file_shared event(s) over 26.10ms 
[10/19/22, 11:56:06:273] info: [RTM] (TLD2GNNT0) Processed 1 file_deleted event(s) over 36.20ms 
[10/19/22, 11:59:17:408] info: [API-Q] (TLD2GNNT0) 1f400c19-1666141157.407 blocks.actions called with reason: dispatch_action_to_developer 
[10/19/22, 11:59:17:408] info: [API-Q] (TLD2GNNT0) 1f400c19-1666141157.407 blocks.actions is ENQUEUED 
[10/19/22, 11:59:17:450] info: [API-Q] (TLD2GNNT0) 1f400c19-1666141157.407 blocks.actions is ACTIVE 
[10/19/22, 11:59:17:986] info: [API-Q] (TLD2GNNT0) 1f400c19-1666141157.986 views.get called with reason: fetchView 
[10/19/22, 11:59:17:987] info: [API-Q] (TLD2GNNT0) 1f400c19-1666141157.986 views.get is ENQUEUED 
[10/19/22, 11:59:17:987] info: [API-Q] (TLD2GNNT0) 1f400c19-1666141157.986 views.get is ACTIVE 
[10/19/22, 11:59:18:110] info: [API-Q] (TLD2GNNT0) 1f400c19-1666141157.407 blocks.actions is RESOLVED 
[10/19/22, 11:59:18:137] info: [API-Q] (TLD2GNNT0) noversion-1666141158.136 Flannel users/search called with reason: flannel-call:users/search 
[10/19/22, 11:59:18:137] info: [API-Q] (TLD2GNNT0) noversion-1666141158.136 Flannel users/search is ENQUEUED 
[10/19/22, 11:59:18:137] info: [API-Q] (TLD2GNNT0) noversion-1666141158.137 Flannel channels/search called with reason: flannel-call:channels/search 
[10/19/22, 11:59:18:137] info: [API-Q] (TLD2GNNT0) noversion-1666141158.137 Flannel channels/search is ENQUEUED 
[10/19/22, 11:59:18:137] info: [API-Q] (TLD2GNNT0) noversion-1666141158.136 Flannel users/search is ACTIVE 
[10/19/22, 11:59:18:138] info: [API-Q] (TLD2GNNT0) noversion-1666141158.137 Flannel channels/search is ACTIVE 
[10/19/22, 11:59:18:160] info: [API-Q] (TLD2GNNT0) noversion-1666141158.137 Flannel channels/search is RESOLVED 
[10/19/22, 11:59:18:161] info: [API-Q] (TLD2GNNT0) noversion-1666141158.136 Flannel users/search is RESOLVED 
[10/19/22, 11:59:18:245] info: [API-Q] (TLD2GNNT0) 1f400c19-1666141157.986 views.get is RESOLVED 
[10/19/22, 11:59:19:264] info: [API-Q] (TLD2GNNT0) noversion-1666141159.263 Flannel users/info called with reason: flannel-call:users/info 
[10/19/22, 11:59:19:264] info: [API-Q] (TLD2GNNT0) noversion-1666141159.263 Flannel users/info is ENQUEUED 
[10/19/22, 11:59:19:264] info: [API-Q] (TLD2GNNT0) noversion-1666141159.263 Flannel users/info is ACTIVE 
[10/19/22, 11:59:19:284] info: [API-Q] (TLD2GNNT0) noversion-1666141159.263 Flannel users/info is RESOLVED 
[10/19/22, 11:59:22:679] info: [API-Q] (TLD2GNNT0) 1f400c19-1666141162.678 blocks.actions called with reason: dispatch_action_to_developer 
[10/19/22, 11:59:22:679] info: [API-Q] (TLD2GNNT0) 1f400c19-1666141162.678 blocks.actions is ENQUEUED 
[10/19/22, 11:59:22:711] info: [API-Q] (TLD2GNNT0) 1f400c19-1666141162.678 blocks.actions is ACTIVE 
[10/19/22, 11:59:23:376] info: [API-Q] (TLD2GNNT0) 1f400c19-1666141163.376 views.get called with reason: fetchView 
[10/19/22, 11:59:23:376] info: [API-Q] (TLD2GNNT0) 1f400c19-1666141163.376 views.get is ENQUEUED 
[10/19/22, 11:59:23:377] info: [API-Q] (TLD2GNNT0) 1f400c19-1666141163.376 views.get is ACTIVE 
[10/19/22, 11:59:23:498] info: [API-Q] (TLD2GNNT0) 1f400c19-1666141162.678 blocks.actions is RESOLVED 
[10/19/22, 11:59:23:520] info: [API-Q] (TLD2GNNT0) noversion-1666141163.519 Flannel users/search called with reason: flannel-call:users/search 
[10/19/22, 11:59:23:520] info: [API-Q] (TLD2GNNT0) noversion-1666141163.519 Flannel users/search is ENQUEUED 
[10/19/22, 11:59:23:520] info: [API-Q] (TLD2GNNT0) noversion-1666141163.520 Flannel channels/search called with reason: flannel-call:channels/search 
[10/19/22, 11:59:23:520] info: [API-Q] (TLD2GNNT0) noversion-1666141163.520 Flannel channels/search is ENQUEUED 
[10/19/22, 11:59:23:520] info: [API-Q] (TLD2GNNT0) noversion-1666141163.519 Flannel users/search is ACTIVE 
[10/19/22, 11:59:23:520] info: [API-Q] (TLD2GNNT0) noversion-1666141163.520 Flannel channels/search is ACTIVE 
[10/19/22, 11:59:23:543] info: [API-Q] (TLD2GNNT0) noversion-1666141163.520 Flannel channels/search is RESOLVED 
[10/19/22, 11:59:23:543] info: [API-Q] (TLD2GNNT0) noversion-1666141163.519 Flannel users/search is RESOLVED 
[10/19/22, 11:59:23:695] info: [API-Q] (TLD2GNNT0) 1f400c19-1666141163.376 views.get is RESOLVED 
[10/19/22, 11:59:35:961] info: [API-Q] (TLD2GNNT0) 1f400c19-1666141175.958 blocks.actions called with reason: dispatch_action_to_developer 
[10/19/22, 11:59:35:961] info: [API-Q] (TLD2GNNT0) 1f400c19-1666141175.958 blocks.actions is ENQUEUED 
[10/19/22, 11:59:36:009] info: [API-Q] (TLD2GNNT0) 1f400c19-1666141175.958 blocks.actions is ACTIVE 
[10/19/22, 11:59:36:437] info: [API-Q] (TLD2GNNT0) 1f400c19-1666141176.436 views.get called with reason: fetchView 
[10/19/22, 11:59:36:437] info: [API-Q] (TLD2GNNT0) 1f400c19-1666141176.436 views.get is ENQUEUED 
[10/19/22, 11:59:36:438] info: [API-Q] (TLD2GNNT0) 1f400c19-1666141176.436 views.get is ACTIVE 
[10/19/22, 11:59:36:571] info: [API-Q] (TLD2GNNT0) 1f400c19-1666141175.958 blocks.actions is RESOLVED 
[10/19/22, 11:59:36:573] info: [API-Q] (TLD2GNNT0) noversion-1666141176.573 Flannel users/search called with reason: flannel-call:users/search 
[10/19/22, 11:59:36:574] info: [API-Q] (TLD2GNNT0) noversion-1666141176.573 Flannel users/search is ENQUEUED 
[10/19/22, 11:59:36:574] info: [API-Q] (TLD2GNNT0) noversion-1666141176.573 Flannel channels/search called with reason: flannel-call:channels/search 
[10/19/22, 11:59:36:574] info: [API-Q] (TLD2GNNT0) noversion-1666141176.573 Flannel channels/search is ENQUEUED 
[10/19/22, 11:59:36:574] info: [API-Q] (TLD2GNNT0) noversion-1666141176.573 Flannel users/search is ACTIVE 
[10/19/22, 11:59:36:574] info: [API-Q] (TLD2GNNT0) noversion-1666141176.573 Flannel channels/search is ACTIVE 
[10/19/22, 11:59:36:596] info: [API-Q] (TLD2GNNT0) noversion-1666141176.573 Flannel users/search is RESOLVED 
[10/19/22, 11:59:36:596] info: [API-Q] (TLD2GNNT0) noversion-1666141176.573 Flannel channels/search is RESOLVED 
[10/19/22, 11:59:36:712] info: [API-Q] (TLD2GNNT0) 1f400c19-1666141176.436 views.get is RESOLVED 
[10/19/22, 11:59:37:632] info: [API-Q] (TLD2GNNT0) 1f400c19-1666141177.631 views.submit called with reason: submit-view 
[10/19/22, 11:59:37:632] info: [API-Q] (TLD2GNNT0) 1f400c19-1666141177.631 views.submit is ENQUEUED 
[10/19/22, 11:59:37:668] info: [API-Q] (TLD2GNNT0) 1f400c19-1666141177.631 views.submit is ACTIVE 
[10/19/22, 11:59:38:113] info: [API-Q] (TLD2GNNT0) 1f400c19-1666141177.631 views.submit is RESOLVED 
[10/19/22, 11:59:38:241] info: [API-Q] (TLD2GNNT0) noversion-1666141178.240 Flannel users/search called with reason: flannel-call:users/search 
[10/19/22, 11:59:38:241] info: [API-Q] (TLD2GNNT0) noversion-1666141178.240 Flannel users/search is ENQUEUED 
[10/19/22, 11:59:38:241] info: [API-Q] (TLD2GNNT0) noversion-1666141178.240 Flannel channels/search called with reason: flannel-call:channels/search 
[10/19/22, 11:59:38:241] info: [API-Q] (TLD2GNNT0) noversion-1666141178.240 Flannel channels/search is ENQUEUED 
[10/19/22, 11:59:38:241] info: [API-Q] (TLD2GNNT0) noversion-1666141178.240 Flannel users/search is ACTIVE 
[10/19/22, 11:59:38:241] info: [API-Q] (TLD2GNNT0) noversion-1666141178.240 Flannel channels/search is ACTIVE 
[10/19/22, 11:59:38:265] info: [API-Q] (TLD2GNNT0) noversion-1666141178.240 Flannel channels/search is RESOLVED 
[10/19/22, 11:59:38:265] info: [API-Q] (TLD2GNNT0) noversion-1666141178.240 Flannel users/search is RESOLVED 
[10/19/22, 11:59:40:258] info: [API-Q] (TLD2GNNT0) 1f400c19-1666141180.257 blocks.actions called with reason: dispatch_action_to_developer 
[10/19/22, 11:59:40:258] info: [API-Q] (TLD2GNNT0) 1f400c19-1666141180.257 blocks.actions is ENQUEUED 
[10/19/22, 11:59:40:294] info: [API-Q] (TLD2GNNT0) 1f400c19-1666141180.257 blocks.actions is ACTIVE 
[10/19/22, 11:59:40:763] info: [API-Q] (TLD2GNNT0) 1f400c19-1666141180.763 views.get called with reason: fetchView 
[10/19/22, 11:59:40:763] info: [API-Q] (TLD2GNNT0) 1f400c19-1666141180.763 views.get is ENQUEUED 
[10/19/22, 11:59:40:763] info: [API-Q] (TLD2GNNT0) 1f400c19-1666141180.763 views.get is ACTIVE 
[10/19/22, 11:59:40:859] info: [API-Q] (TLD2GNNT0) 1f400c19-1666141180.257 blocks.actions is RESOLVED 
[10/19/22, 11:59:40:883] info: [API-Q] (TLD2GNNT0) noversion-1666141180.882 Flannel users/search called with reason: flannel-call:users/search 
[10/19/22, 11:59:40:883] info: [API-Q] (TLD2GNNT0) noversion-1666141180.882 Flannel users/search is ENQUEUED 
[10/19/22, 11:59:40:883] info: [API-Q] (TLD2GNNT0) noversion-1666141180.883 Flannel channels/search called with reason: flannel-call:channels/search 
[10/19/22, 11:59:40:883] info: [API-Q] (TLD2GNNT0) noversion-1666141180.883 Flannel channels/search is ENQUEUED 
[10/19/22, 11:59:40:883] info: [API-Q] (TLD2GNNT0) noversion-1666141180.882 Flannel users/search is ACTIVE 
[10/19/22, 11:59:40:883] info: [API-Q] (TLD2GNNT0) noversion-1666141180.883 Flannel channels/search is ACTIVE 
[10/19/22, 11:59:40:906] info: [API-Q] (TLD2GNNT0) noversion-1666141180.882 Flannel users/search is RESOLVED 
[10/19/22, 11:59:40:906] info: [API-Q] (TLD2GNNT0) noversion-1666141180.883 Flannel channels/search is RESOLVED 
[10/19/22, 11:59:41:021] info: [API-Q] (TLD2GNNT0) 1f400c19-1666141180.763 views.get is RESOLVED 
[10/19/22, 11:59:41:480] info: [API-Q] (TLD2GNNT0) 1f400c19-1666141181.479 views.submit called with reason: submit-view 
[10/19/22, 11:59:41:480] info: [API-Q] (TLD2GNNT0) 1f400c19-1666141181.479 views.submit is ENQUEUED 
[10/19/22, 11:59:41:515] info: [API-Q] (TLD2GNNT0) 1f400c19-1666141181.479 views.submit is ACTIVE 
[10/19/22, 11:59:41:964] info: [API-Q] (TLD2GNNT0) 1f400c19-1666141181.479 views.submit is RESOLVED 
[10/19/22, 11:59:42:022] info: [API-Q] (TLD2GNNT0) 1f400c19-1666141182.021 views.get called with reason: fetchView 
[10/19/22, 11:59:42:022] info: [API-Q] (TLD2GNNT0) 1f400c19-1666141182.021 views.get is ENQUEUED 
[10/19/22, 11:59:42:023] info: [API-Q] (TLD2GNNT0) 1f400c19-1666141182.021 views.get is ACTIVE 
[10/19/22, 11:59:42:287] info: [API-Q] (TLD2GNNT0) 1f400c19-1666141182.021 views.get is RESOLVED 
[10/19/22, 11:59:46:154] info: [API-Q] (TLD2GNNT0) 1f400c19-1666141186.150 views.submit called with reason: submit-view 
[10/19/22, 11:59:46:154] info: [API-Q] (TLD2GNNT0) 1f400c19-1666141186.150 views.submit is ENQUEUED 
[10/19/22, 11:59:46:193] info: [API-Q] (TLD2GNNT0) 1f400c19-1666141186.150 views.submit is ACTIVE 
[10/19/22, 11:59:46:671] info: [MSG-SHARED-RTM] (TLD2GNNT0) dispatch to single store 1 msgs 
[10/19/22, 11:59:46:687] info: [RTM] (TLD2GNNT0) Processed 1 message:bot_message event(s) in channel(s) C041AHUTS4A over 16.50ms 
[10/19/22, 11:59:46:690] warn: %cUnhandled rejection Error: getClientStoreInstance is only for use in the Sonic client
    at f (https://a.slack-edge.com/bv1-10/gantry-v2-shared.805b03c.min.js?cacheKey=gantry-1666057642:1:808185)
    at y (https://a.slack-edge.com/bv1-10/gantry-v2-shared.805b03c.min.js?cacheKey=gantry-1666057642:1:809933)
    at https://a.slack-edge.com/bv1-10/gantry-v2-async-app-popouts-boot-render.25d9452.min.js?cacheKey=gantry-1666057642:10:1668745
    at Generator.next (<anonymous>)
    at Generator.u (https://a.slack-edge.com/bv1-10/gantry-v2-vendors.f734748.min.js?cacheKey=gantry-1666057642:33:79581)
    at l._promiseFulfilled (https://a.slack-edge.com/bv1-10/gantry-v2-vendors.f734748.min.js?cacheKey=gantry-1666057642:33:35826)
    at L._settlePromise (https://a.slack-edge.com/bv1-10/gantry-v2-vendors.f734748.min.js?cacheKey=gantry-1666057642:33:53493)
    at L._settlePromise0 (https://a.slack-edge.com/bv1-10/gantry-v2-vendors.f734748.min.js?cacheKey=gantry-1666057642:33:54091)
    at L._settlePromises (https://a.slack-edge.com/bv1-10/gantry-v2-vendors.f734748.min.js?cacheKey=gantry-1666057642:33:55443)
    at L._fulfill (https://a.slack-edge.com/bv1-10/gantry-v2-vendors.f734748.min.js?cacheKey=gantry-1666057642:33:54461)
    at L._settlePromise (https://a.slack-edge.com/bv1-10/gantry-v2-vendors.f734748.min.js?cacheKey=gantry-1666057642:33:53590)
    at L._settlePromise0 (https://a.slack-edge.com/bv1-10/gantry-v2-vendors.f734748.min.js?cacheKey=gantry-1666057642:33:54091)
    at L._settlePromises (https://a.slack-edge.com/bv1-10/gantry-v2-vendors.f734748.min.js?cacheKey=gantry-1666057642:33:55443)
    at L._fulfill (https://a.slack-edge.com/bv1-10/gantry-v2-vendors.f734748.min.js?cacheKey=gantry-1666057642:33:54461)
    at L._resolveCallback (https://a.slack-edge.com/bv1-10/gantry-v2-vendors.f734748.min.js?cacheKey=gantry-1666057642:33:51336)
    at L._settlePromiseFromHandler (https://a.slack-edge.com/bv1-10/gantry-v2-vendors.f734748.min.js?cacheKey=gantry-1666057642:33:52746) color: red 
[10/19/22, 11:59:46:784] info: [API-Q] (TLD2GNNT0) 1f400c19-1666141186.150 views.submit is RESOLVED 
[10/19/22, 11:59:46:790] info: [MSG-SHARED-RTM] (TLD2GNNT0) dispatch to single store 1 msgs 
[10/19/22, 11:59:46:830] warn: Couldn't complete metrics measurement for start mark 'session_lifespan' 
[10/19/22, 11:59:46:830] warn: Couldn't complete metrics measurement for start mark 'session_lifespan' 
[10/19/22, 11:59:46:830] warn: Couldn't complete metrics measurement for start mark 'session_lifespan' 
